{"/home/travis/build/npmtest/node-npmtest-teoria/test.js":{"path":"/home/travis/build/npmtest/node-npmtest-teoria/test.js","s":{"1":2,"2":2,"3":2,"4":2,"5":2,"6":2,"7":2,"8":1,"9":2,"10":2,"11":1,"12":1,"13":1,"14":1,"15":2,"16":2,"17":2,"18":2,"19":1,"20":1,"21":2,"22":2,"23":2,"24":1,"25":1,"26":1,"27":1,"28":1,"29":1,"30":1,"31":1,"32":1,"33":1,"34":1,"35":1,"36":1,"37":1,"38":1,"39":2,"40":2,"41":1,"42":2,"43":2,"44":1,"45":2,"46":2,"47":1,"48":2,"49":2,"50":1,"51":1,"52":1,"53":1,"54":1},"b":{"1":[2,1,1,1],"2":[1,1,1,1],"3":[1,1],"4":[1,1],"5":[1,1],"6":[1,1],"7":[1,1],"8":[1,1],"9":[1,1],"10":[1,1,1],"11":[1,1],"12":[1,1],"13":[1,1],"14":[1,1],"15":[1,1],"16":[1,1],"17":[1,1]},"f":{"1":2,"2":2,"3":2,"4":2,"5":2,"6":1,"7":1,"8":1,"9":2,"10":2,"11":2,"12":2,"13":1},"fnMap":{"1":{"name":"(anonymous_1)","line":12,"loc":{"start":{"line":12,"column":1},"end":{"line":12,"column":13}}},"2":{"name":"(anonymous_2)","line":19,"loc":{"start":{"line":19,"column":5},"end":{"line":19,"column":17}}},"3":{"name":"(anonymous_3)","line":23,"loc":{"start":{"line":23,"column":24},"end":{"line":23,"column":36}}},"4":{"name":"(anonymous_4)","line":61,"loc":{"start":{"line":61,"column":5},"end":{"line":61,"column":17}}},"5":{"name":"(anonymous_5)","line":82,"loc":{"start":{"line":82,"column":5},"end":{"line":82,"column":17}}},"6":{"name":"(anonymous_6)","line":91,"loc":{"start":{"line":91,"column":77},"end":{"line":94,"column":10}}},"7":{"name":"(anonymous_7)","line":112,"loc":{"start":{"line":112,"column":83},"end":{"line":115,"column":10}},"skip":true},"8":{"name":"(anonymous_8)","line":123,"loc":{"start":{"line":123,"column":77},"end":{"line":126,"column":10}},"skip":true},"9":{"name":"(anonymous_9)","line":139,"loc":{"start":{"line":139,"column":12},"end":{"line":139,"column":40}},"skip":true},"10":{"name":"(anonymous_10)","line":147,"loc":{"start":{"line":147,"column":77},"end":{"line":150,"column":10}},"skip":true},"11":{"name":"(anonymous_11)","line":158,"loc":{"start":{"line":158,"column":83},"end":{"line":161,"column":10}},"skip":true},"12":{"name":"(anonymous_12)","line":169,"loc":{"start":{"line":169,"column":79},"end":{"line":172,"column":10}},"skip":true},"13":{"name":"(anonymous_13)","line":180,"loc":{"start":{"line":180,"column":75},"end":{"line":183,"column":10}},"skip":true}},"statementMap":{"1":{"start":{"line":12,"column":0},"end":{"line":195,"column":5}},"2":{"start":{"line":14,"column":4},"end":{"line":14,"column":14}},"3":{"start":{"line":19,"column":4},"end":{"line":56,"column":9}},"4":{"start":{"line":21,"column":8},"end":{"line":21,"column":19}},"5":{"start":{"line":23,"column":8},"end":{"line":35,"column":13}},"6":{"start":{"line":24,"column":12},"end":{"line":34,"column":13}},"7":{"start":{"line":25,"column":16},"end":{"line":28,"column":30}},"8":{"start":{"line":30,"column":16},"end":{"line":33,"column":27}},"9":{"start":{"line":37,"column":8},"end":{"line":39,"column":21}},"10":{"start":{"line":40,"column":8},"end":{"line":53,"column":9}},"11":{"start":{"line":43,"column":12},"end":{"line":46,"column":14}},"12":{"start":{"line":47,"column":12},"end":{"line":47,"column":18}},"13":{"start":{"line":50,"column":12},"end":{"line":51,"column":46}},"14":{"start":{"line":52,"column":12},"end":{"line":52,"column":18}},"15":{"start":{"line":55,"column":8},"end":{"line":55,"column":35}},"16":{"start":{"line":61,"column":4},"end":{"line":63,"column":9}},"17":{"start":{"line":62,"column":8},"end":{"line":62,"column":15}},"18":{"start":{"line":64,"column":4},"end":{"line":77,"column":5}},"19":{"start":{"line":70,"column":8},"end":{"line":70,"column":14}},"20":{"start":{"line":76,"column":8},"end":{"line":76,"column":14}},"21":{"start":{"line":82,"column":4},"end":{"line":84,"column":9}},"22":{"start":{"line":83,"column":8},"end":{"line":83,"column":15}},"23":{"start":{"line":85,"column":4},"end":{"line":194,"column":5}},"24":{"start":{"line":91,"column":8},"end":{"line":99,"column":10}},"25":{"start":{"line":98,"column":12},"end":{"line":98,"column":35}},"26":{"start":{"line":102,"column":8},"end":{"line":104,"column":63}},"27":{"start":{"line":105,"column":8},"end":{"line":105,"column":14}},"28":{"start":{"line":112,"column":8},"end":{"line":121,"column":10},"skip":true},"29":{"start":{"line":119,"column":12},"end":{"line":119,"column":55},"skip":true},"30":{"start":{"line":120,"column":12},"end":{"line":120,"column":48},"skip":true},"31":{"start":{"line":123,"column":8},"end":{"line":136,"column":10},"skip":true},"32":{"start":{"line":130,"column":12},"end":{"line":130,"column":76},"skip":true},"33":{"start":{"line":131,"column":12},"end":{"line":131,"column":73},"skip":true},"34":{"start":{"line":132,"column":12},"end":{"line":132,"column":74},"skip":true},"35":{"start":{"line":133,"column":12},"end":{"line":133,"column":79},"skip":true},"36":{"start":{"line":134,"column":12},"end":{"line":134,"column":25},"skip":true},"37":{"start":{"line":135,"column":12},"end":{"line":135,"column":45},"skip":true},"38":{"start":{"line":138,"column":8},"end":{"line":145,"column":14},"skip":true},"39":{"start":{"line":143,"column":16},"end":{"line":143,"column":29},"skip":true},"40":{"start":{"line":144,"column":16},"end":{"line":144,"column":55},"skip":true},"41":{"start":{"line":147,"column":8},"end":{"line":156,"column":10},"skip":true},"42":{"start":{"line":154,"column":12},"end":{"line":154,"column":25},"skip":true},"43":{"start":{"line":155,"column":12},"end":{"line":155,"column":45},"skip":true},"44":{"start":{"line":158,"column":8},"end":{"line":167,"column":10},"skip":true},"45":{"start":{"line":165,"column":12},"end":{"line":165,"column":25},"skip":true},"46":{"start":{"line":166,"column":12},"end":{"line":166,"column":48},"skip":true},"47":{"start":{"line":169,"column":8},"end":{"line":178,"column":10},"skip":true},"48":{"start":{"line":176,"column":12},"end":{"line":176,"column":25},"skip":true},"49":{"start":{"line":177,"column":12},"end":{"line":177,"column":46},"skip":true},"50":{"start":{"line":180,"column":8},"end":{"line":189,"column":10},"skip":true},"51":{"start":{"line":187,"column":12},"end":{"line":187,"column":94},"skip":true},"52":{"start":{"line":188,"column":12},"end":{"line":188,"column":48},"skip":true},"53":{"start":{"line":192,"column":8},"end":{"line":192,"column":35},"skip":true},"54":{"start":{"line":193,"column":8},"end":{"line":193,"column":14},"skip":true}},"branchMap":{"1":{"line":25,"type":"binary-expr","locations":[{"start":{"line":25,"column":23},"end":{"line":25,"column":62}},{"start":{"line":26,"column":20},"end":{"line":26,"column":70}},{"start":{"line":27,"column":20},"end":{"line":27,"column":71}},{"start":{"line":28,"column":20},"end":{"line":28,"column":29}}]},"2":{"line":30,"type":"binary-expr","locations":[{"start":{"line":30,"column":23},"end":{"line":30,"column":37}},{"start":{"line":31,"column":20},"end":{"line":31,"column":61}},{"start":{"line":32,"column":20},"end":{"line":32,"column":70}},{"start":{"line":33,"column":20},"end":{"line":33,"column":26}}]},"3":{"line":37,"type":"cond-expr","locations":[{"start":{"line":38,"column":14},"end":{"line":38,"column":20}},{"start":{"line":39,"column":14},"end":{"line":39,"column":20}}]},"4":{"line":40,"type":"switch","locations":[{"start":{"line":42,"column":8},"end":{"line":47,"column":18}},{"start":{"line":49,"column":8},"end":{"line":52,"column":18}}]},"5":{"line":44,"type":"binary-expr","locations":[{"start":{"line":44,"column":16},"end":{"line":44,"column":44}},{"start":{"line":44,"column":48},"end":{"line":44,"column":66}}]},"6":{"line":50,"type":"binary-expr","locations":[{"start":{"line":50,"column":21},"end":{"line":50,"column":49}},{"start":{"line":50,"column":53},"end":{"line":50,"column":72}}]},"7":{"line":64,"type":"switch","locations":[{"start":{"line":69,"column":4},"end":{"line":70,"column":14}},{"start":{"line":75,"column":4},"end":{"line":76,"column":14}}]},"8":{"line":85,"type":"switch","locations":[{"start":{"line":90,"column":4},"end":{"line":105,"column":14}},{"start":{"line":111,"column":4},"end":{"line":193,"column":14},"skip":true}]},"9":{"line":91,"type":"binary-expr","locations":[{"start":{"line":91,"column":42},"end":{"line":91,"column":73}},{"start":{"line":91,"column":77},"end":{"line":99,"column":9}}]},"10":{"line":102,"type":"binary-expr","locations":[{"start":{"line":102,"column":18},"end":{"line":102,"column":32}},{"start":{"line":103,"column":12},"end":{"line":103,"column":53}},{"start":{"line":104,"column":12},"end":{"line":104,"column":61}}]},"11":{"line":112,"type":"binary-expr","locations":[{"start":{"line":112,"column":45},"end":{"line":112,"column":79},"skip":true},{"start":{"line":112,"column":83},"end":{"line":121,"column":9},"skip":true}]},"12":{"line":123,"type":"binary-expr","locations":[{"start":{"line":123,"column":42},"end":{"line":123,"column":73},"skip":true},{"start":{"line":123,"column":77},"end":{"line":136,"column":9},"skip":true}]},"13":{"line":138,"type":"binary-expr","locations":[{"start":{"line":138,"column":48},"end":{"line":138,"column":85},"skip":true},{"start":{"line":139,"column":12},"end":{"line":145,"column":13},"skip":true}]},"14":{"line":147,"type":"binary-expr","locations":[{"start":{"line":147,"column":42},"end":{"line":147,"column":73},"skip":true},{"start":{"line":147,"column":77},"end":{"line":156,"column":9},"skip":true}]},"15":{"line":158,"type":"binary-expr","locations":[{"start":{"line":158,"column":45},"end":{"line":158,"column":79},"skip":true},{"start":{"line":158,"column":83},"end":{"line":167,"column":9},"skip":true}]},"16":{"line":169,"type":"binary-expr","locations":[{"start":{"line":169,"column":43},"end":{"line":169,"column":75},"skip":true},{"start":{"line":169,"column":79},"end":{"line":178,"column":9},"skip":true}]},"17":{"line":180,"type":"binary-expr","locations":[{"start":{"line":180,"column":41},"end":{"line":180,"column":71},"skip":true},{"start":{"line":180,"column":75},"end":{"line":189,"column":9},"skip":true}]}},"code":["/* istanbul instrument in package npmtest_teoria */","/*jslint","    bitwise: true,","    browser: true,","    maxerr: 8,","    maxlen: 96,","    node: true,","    nomen: true,","    regexp: true,","    stupid: true","*/","(function () {","    'use strict';","    var local;","","","","    // run shared js-env code - pre-init","    (function () {","        // init local","        local = {};","        // init modeJs","        local.modeJs = (function () {","            try {","                return typeof navigator.userAgent === 'string' &&","                    typeof document.querySelector('body') === 'object' &&","                    typeof XMLHttpRequest.prototype.open === 'function' &&","                    'browser';","            } catch (errorCaughtBrowser) {","                return module.exports &&","                    typeof process.versions.node === 'string' &&","                    typeof require('http').createServer === 'function' &&","                    'node';","            }","        }());","        // init global","        local.global = local.modeJs === 'browser'","            ? window","            : global;","        switch (local.modeJs) {","        // re-init local from window.local","        case 'browser':","            local = local.global.utility2.objectSetDefault(","                local.global.utility2_rollup || local.global.local,","                local.global.utility2","            );","            break;","        // re-init local from example.js","        case 'node':","            local = (local.global.utility2_rollup || require('utility2'))","                .requireExampleJsFromReadme();","            break;","        }","        // export local","        local.global.local = local;","    }());","","","","    // run shared js-env code - function","    (function () {","        return;","    }());","    switch (local.modeJs) {","","","","    // run browser js-env code - function","    case 'browser':","        break;","","","","    // run node js-env code - function","    case 'node':","        break;","    }","","","","    // run shared js-env code - post-init","    (function () {","        return;","    }());","    switch (local.modeJs) {","","","","    // run browser js-env code - post-init","    case 'browser':","        local.testCase_browser_nullCase = local.testCase_browser_nullCase || function (","            options,","            onError","        ) {","        /*","         * this function will test browsers's null-case handling-behavior-behavior","         */","            onError(null, options);","        };","","        // run tests","        local.nop(local.modeTest &&","            document.querySelector('#testRunButton1') &&","            document.querySelector('#testRunButton1').click());","        break;","","","","    // run node js-env code - post-init","    /* istanbul ignore next */","    case 'node':","        local.testCase_buildApidoc_default = local.testCase_buildApidoc_default || function (","            options,","            onError","        ) {","        /*","         * this function will test buildApidoc's default handling-behavior-behavior","         */","            options = { modulePathList: module.paths };","            local.buildApidoc(options, onError);","        };","","        local.testCase_buildApp_default = local.testCase_buildApp_default || function (","            options,","            onError","        ) {","        /*","         * this function will test buildApp's default handling-behavior-behavior","         */","            local.testCase_buildReadme_default(options, local.onErrorThrow);","            local.testCase_buildLib_default(options, local.onErrorThrow);","            local.testCase_buildTest_default(options, local.onErrorThrow);","            local.testCase_buildCustomOrg_default(options, local.onErrorThrow);","            options = [];","            local.buildApp(options, onError);","        };","","        local.testCase_buildCustomOrg_default = local.testCase_buildCustomOrg_default ||","            function (options, onError) {","            /*","             * this function will test buildCustomOrg's default handling-behavior","             */","                options = {};","                local.buildCustomOrg(options, onError);","            };","","        local.testCase_buildLib_default = local.testCase_buildLib_default || function (","            options,","            onError","        ) {","        /*","         * this function will test buildLib's default handling-behavior","         */","            options = {};","            local.buildLib(options, onError);","        };","","        local.testCase_buildReadme_default = local.testCase_buildReadme_default || function (","            options,","            onError","        ) {","        /*","         * this function will test buildReadme's default handling-behavior-behavior","         */","            options = {};","            local.buildReadme(options, onError);","        };","","        local.testCase_buildTest_default = local.testCase_buildTest_default || function (","            options,","            onError","        ) {","        /*","         * this function will test buildTest's default handling-behavior","         */","            options = {};","            local.buildTest(options, onError);","        };","","        local.testCase_webpage_default = local.testCase_webpage_default || function (","            options,","            onError","        ) {","        /*","         * this function will test webpage's default handling-behavior","         */","            options = { modeCoverageMerge: true, url: local.serverLocalHost + '?modeTest=1' };","            local.browserTest(options, onError);","        };","","        // run test-server","        local.testRunServer(local);","        break;","    }","}());",""],"l":{"12":2,"14":2,"19":2,"21":2,"23":2,"24":2,"25":2,"30":1,"37":2,"40":2,"43":1,"47":1,"50":1,"52":1,"55":2,"61":2,"62":2,"64":2,"70":1,"76":1,"82":2,"83":2,"85":2,"91":1,"98":1,"102":1,"105":1,"112":1,"119":1,"120":1,"123":1,"130":1,"131":1,"132":1,"133":1,"134":1,"135":1,"138":1,"143":2,"144":2,"147":1,"154":2,"155":2,"158":1,"165":2,"166":2,"169":1,"176":2,"177":2,"180":1,"187":1,"188":1,"192":1,"193":1}},"/home/travis/build/npmtest/node-npmtest-teoria/lib.npmtest_teoria.js":{"path":"/home/travis/build/npmtest/node-npmtest-teoria/lib.npmtest_teoria.js","s":{"1":2,"2":2,"3":2,"4":2,"5":2,"6":2,"7":2,"8":1,"9":2,"10":2,"11":2,"12":2,"13":1,"14":1,"15":1,"16":1},"b":{"1":[2,1,1,1],"2":[1,1,1,1],"3":[1,1],"4":[2,2],"5":[1,1]},"f":{"1":2,"2":2,"3":2},"fnMap":{"1":{"name":"(anonymous_1)","line":12,"loc":{"start":{"line":12,"column":1},"end":{"line":12,"column":13}}},"2":{"name":"(anonymous_2)","line":19,"loc":{"start":{"line":19,"column":5},"end":{"line":19,"column":17}}},"3":{"name":"(anonymous_3)","line":23,"loc":{"start":{"line":23,"column":24},"end":{"line":23,"column":36}}}},"statementMap":{"1":{"start":{"line":12,"column":0},"end":{"line":53,"column":5}},"2":{"start":{"line":14,"column":4},"end":{"line":14,"column":14}},"3":{"start":{"line":19,"column":4},"end":{"line":52,"column":9}},"4":{"start":{"line":21,"column":8},"end":{"line":21,"column":19}},"5":{"start":{"line":23,"column":8},"end":{"line":35,"column":13}},"6":{"start":{"line":24,"column":12},"end":{"line":34,"column":13}},"7":{"start":{"line":25,"column":16},"end":{"line":28,"column":30}},"8":{"start":{"line":30,"column":16},"end":{"line":33,"column":27}},"9":{"start":{"line":37,"column":8},"end":{"line":39,"column":21}},"10":{"start":{"line":41,"column":8},"end":{"line":41,"column":54}},"11":{"start":{"line":43,"column":8},"end":{"line":43,"column":51}},"12":{"start":{"line":45,"column":8},"end":{"line":51,"column":9}},"13":{"start":{"line":46,"column":12},"end":{"line":46,"column":57}},"14":{"start":{"line":48,"column":12},"end":{"line":48,"column":35}},"15":{"start":{"line":49,"column":12},"end":{"line":49,"column":49}},"16":{"start":{"line":50,"column":12},"end":{"line":50,"column":43}}},"branchMap":{"1":{"line":25,"type":"binary-expr","locations":[{"start":{"line":25,"column":23},"end":{"line":25,"column":62}},{"start":{"line":26,"column":20},"end":{"line":26,"column":70}},{"start":{"line":27,"column":20},"end":{"line":27,"column":71}},{"start":{"line":28,"column":20},"end":{"line":28,"column":29}}]},"2":{"line":30,"type":"binary-expr","locations":[{"start":{"line":30,"column":23},"end":{"line":30,"column":37}},{"start":{"line":31,"column":20},"end":{"line":31,"column":61}},{"start":{"line":32,"column":20},"end":{"line":32,"column":70}},{"start":{"line":33,"column":20},"end":{"line":33,"column":26}}]},"3":{"line":37,"type":"cond-expr","locations":[{"start":{"line":38,"column":14},"end":{"line":38,"column":20}},{"start":{"line":39,"column":14},"end":{"line":39,"column":20}}]},"4":{"line":41,"type":"binary-expr","locations":[{"start":{"line":41,"column":16},"end":{"line":41,"column":44}},{"start":{"line":41,"column":48},"end":{"line":41,"column":53}}]},"5":{"line":45,"type":"if","locations":[{"start":{"line":45,"column":8},"end":{"line":45,"column":8}},{"start":{"line":45,"column":8},"end":{"line":45,"column":8}}]}},"code":["/* istanbul instrument in package npmtest_teoria */","/*jslint","    bitwise: true,","    browser: true,","    maxerr: 8,","    maxlen: 96,","    node: true,","    nomen: true,","    regexp: true,","    stupid: true","*/","(function () {","    'use strict';","    var local;","","","","    // run shared js-env code - pre-init","    (function () {","        // init local","        local = {};","        // init modeJs","        local.modeJs = (function () {","            try {","                return typeof navigator.userAgent === 'string' &&","                    typeof document.querySelector('body') === 'object' &&","                    typeof XMLHttpRequest.prototype.open === 'function' &&","                    'browser';","            } catch (errorCaughtBrowser) {","                return module.exports &&","                    typeof process.versions.node === 'string' &&","                    typeof require('http').createServer === 'function' &&","                    'node';","            }","        }());","        // init global","        local.global = local.modeJs === 'browser'","            ? window","            : global;","        // init utility2_rollup","        local = local.global.utility2_rollup || local;","        // init lib","        local.local = local.npmtest_teoria = local;","        // init exports","        if (local.modeJs === 'browser') {","            local.global.utility2_npmtest_teoria = local;","        } else {","            module.exports = local;","            module.exports.__dirname = __dirname;","            module.exports.module = module;","        }","    }());","}());",""],"l":{"12":2,"14":2,"19":2,"21":2,"23":2,"24":2,"25":2,"30":1,"37":2,"41":2,"43":2,"45":2,"46":1,"48":1,"49":1,"50":1}},"/home/travis/build/npmtest/node-npmtest-teoria/example.js":{"path":"/home/travis/build/npmtest/node-npmtest-teoria/example.js","s":{"1":2,"2":2,"3":2,"4":2,"5":2,"6":2,"7":2,"8":1,"9":2,"10":2,"11":2,"12":2,"13":1,"14":2,"15":2,"16":2,"17":2,"18":2,"19":0,"20":2,"21":1,"22":1,"23":1,"24":1,"25":1,"26":0,"27":0,"28":1,"29":1,"30":2,"31":0,"32":0,"33":0,"34":1,"35":2,"36":2,"37":3,"38":3,"39":3,"40":3,"41":0,"42":3,"43":3,"44":3,"45":1,"46":3,"47":1,"48":1,"49":1,"50":1,"51":1,"52":1,"53":1,"54":1,"55":1,"56":1,"57":0,"58":1,"59":6,"60":6,"61":1,"62":2,"63":0,"64":2,"65":1,"66":1,"67":0,"68":0,"69":0,"70":0,"71":0,"72":0,"73":0,"74":0,"75":0,"76":0,"77":0,"78":0,"79":0,"80":0,"81":0,"82":0,"83":0},"b":{"1":[2,1,1,1],"2":[1,1,1,1],"3":[1,1],"4":[2,2],"5":[1,1],"6":[1,1],"7":[2,0],"8":[2,1,1,1,1,1],"9":[0,2,0],"10":[1,1],"11":[2,1,1],"12":[1,0],"13":[0,2],"14":[2,0,0,0,0,0,0],"15":[0,3],"16":[3,0],"17":[1,1],"18":[0,1],"19":[1,2,0,2],"20":[1,0],"21":[1,1],"22":[0,0],"23":[0,0],"24":[0,0],"25":[0,0],"26":[0,0],"27":[0,0],"28":[0,0]},"f":{"1":2,"2":2,"3":2,"4":2,"5":2,"6":2,"7":3,"8":3,"9":3,"10":1,"11":6,"12":0},"fnMap":{"1":{"name":"(anonymous_1)","line":26,"loc":{"start":{"line":26,"column":1},"end":{"line":26,"column":13}}},"2":{"name":"(anonymous_2)","line":33,"loc":{"start":{"line":33,"column":5},"end":{"line":33,"column":17}}},"3":{"name":"(anonymous_3)","line":37,"loc":{"start":{"line":37,"column":24},"end":{"line":37,"column":36}}},"4":{"name":"(anonymous_4)","line":69,"loc":{"start":{"line":69,"column":31},"end":{"line":69,"column":48}},"skip":true},"5":{"name":"(anonymous_5)","line":78,"loc":{"start":{"line":78,"column":26},"end":{"line":78,"column":45}},"skip":true},"6":{"name":"(anonymous_6)","line":123,"loc":{"start":{"line":123,"column":33},"end":{"line":123,"column":48}},"skip":true},"7":{"name":"(anonymous_7)","line":125,"loc":{"start":{"line":125,"column":27},"end":{"line":125,"column":39}},"skip":true},"8":{"name":"(anonymous_8)","line":133,"loc":{"start":{"line":133,"column":59},"end":{"line":133,"column":74}},"skip":true},"9":{"name":"(anonymous_9)","line":143,"loc":{"start":{"line":143,"column":45},"end":{"line":143,"column":62}},"skip":true},"10":{"name":"(anonymous_10)","line":144,"loc":{"start":{"line":144,"column":73},"end":{"line":144,"column":92}},"skip":true},"11":{"name":"(anonymous_11)","line":272,"loc":{"start":{"line":272,"column":51},"end":{"line":272,"column":77}},"skip":true},"12":{"name":"(anonymous_12)","line":315,"loc":{"start":{"line":315,"column":32},"end":{"line":315,"column":61}},"skip":true}},"statementMap":{"1":{"start":{"line":26,"column":0},"end":{"line":326,"column":5}},"2":{"start":{"line":28,"column":4},"end":{"line":28,"column":14}},"3":{"start":{"line":33,"column":4},"end":{"line":60,"column":9}},"4":{"start":{"line":35,"column":8},"end":{"line":35,"column":19}},"5":{"start":{"line":37,"column":8},"end":{"line":49,"column":13}},"6":{"start":{"line":38,"column":12},"end":{"line":48,"column":13}},"7":{"start":{"line":39,"column":16},"end":{"line":42,"column":30}},"8":{"start":{"line":44,"column":16},"end":{"line":47,"column":27}},"9":{"start":{"line":51,"column":8},"end":{"line":53,"column":21}},"10":{"start":{"line":55,"column":8},"end":{"line":57,"column":45}},"11":{"start":{"line":59,"column":8},"end":{"line":59,"column":35}},"12":{"start":{"line":61,"column":4},"end":{"line":325,"column":5}},"13":{"start":{"line":69,"column":8},"end":{"line":121,"column":10},"skip":true},"14":{"start":{"line":70,"column":12},"end":{"line":88,"column":13},"skip":true},"15":{"start":{"line":76,"column":16},"end":{"line":87,"column":19},"skip":true},"16":{"start":{"line":79,"column":20},"end":{"line":86,"column":21},"skip":true},"17":{"start":{"line":82,"column":24},"end":{"line":82,"column":43},"skip":true},"18":{"start":{"line":83,"column":24},"end":{"line":83,"column":30},"skip":true},"19":{"start":{"line":85,"column":24},"end":{"line":85,"column":49},"skip":true},"20":{"start":{"line":89,"column":12},"end":{"line":107,"column":13},"skip":true},"21":{"start":{"line":92,"column":16},"end":{"line":102,"column":17},"skip":true},"22":{"start":{"line":93,"column":20},"end":{"line":93,"column":86},"skip":true},"23":{"start":{"line":94,"column":20},"end":{"line":95,"column":45},"skip":true},"24":{"start":{"line":96,"column":20},"end":{"line":96,"column":42},"skip":true},"25":{"start":{"line":97,"column":20},"end":{"line":97,"column":48},"skip":true},"26":{"start":{"line":100,"column":20},"end":{"line":100,"column":85},"skip":true},"27":{"start":{"line":101,"column":20},"end":{"line":101,"column":96},"skip":true},"28":{"start":{"line":103,"column":16},"end":{"line":103,"column":22},"skip":true},"29":{"start":{"line":106,"column":16},"end":{"line":106,"column":22},"skip":true},"30":{"start":{"line":108,"column":12},"end":{"line":120,"column":13},"skip":true},"31":{"start":{"line":114,"column":16},"end":{"line":119,"column":17},"skip":true},"32":{"start":{"line":116,"column":20},"end":{"line":116,"column":78},"skip":true},"33":{"start":{"line":118,"column":20},"end":{"line":118,"column":47},"skip":true},"34":{"start":{"line":123,"column":8},"end":{"line":141,"column":11},"skip":true},"35":{"start":{"line":124,"column":12},"end":{"line":124,"column":54},"skip":true},"36":{"start":{"line":125,"column":12},"end":{"line":140,"column":14},"skip":true},"37":{"start":{"line":126,"column":16},"end":{"line":126,"column":28},"skip":true},"38":{"start":{"line":127,"column":16},"end":{"line":127,"column":69},"skip":true},"39":{"start":{"line":128,"column":16},"end":{"line":128,"column":75},"skip":true},"40":{"start":{"line":129,"column":16},"end":{"line":131,"column":17},"skip":true},"41":{"start":{"line":130,"column":20},"end":{"line":130,"column":27},"skip":true},"42":{"start":{"line":133,"column":16},"end":{"line":137,"column":36},"skip":true},"43":{"start":{"line":134,"column":20},"end":{"line":136,"column":55},"skip":true},"44":{"start":{"line":139,"column":16},"end":{"line":139,"column":57},"skip":true},"45":{"start":{"line":143,"column":8},"end":{"line":147,"column":11},"skip":true},"46":{"start":{"line":144,"column":12},"end":{"line":146,"column":15},"skip":true},"47":{"start":{"line":145,"column":16},"end":{"line":145,"column":70},"skip":true},"48":{"start":{"line":149,"column":8},"end":{"line":149,"column":31},"skip":true},"49":{"start":{"line":150,"column":8},"end":{"line":150,"column":14},"skip":true},"50":{"start":{"line":158,"column":8},"end":{"line":158,"column":31},"skip":true},"51":{"start":{"line":160,"column":8},"end":{"line":160,"column":33},"skip":true},"52":{"start":{"line":161,"column":8},"end":{"line":161,"column":37},"skip":true},"53":{"start":{"line":162,"column":8},"end":{"line":162,"column":35},"skip":true},"54":{"start":{"line":164,"column":8},"end":{"line":164,"column":50},"skip":true},"55":{"start":{"line":166,"column":8},"end":{"line":256,"column":2},"skip":true},"56":{"start":{"line":258,"column":8},"end":{"line":286,"column":9},"skip":true},"57":{"start":{"line":259,"column":12},"end":{"line":269,"column":14},"skip":true},"58":{"start":{"line":271,"column":12},"end":{"line":285,"column":19},"skip":true},"59":{"start":{"line":274,"column":20},"end":{"line":274,"column":35},"skip":true},"60":{"start":{"line":275,"column":20},"end":{"line":284,"column":21},"skip":true},"61":{"start":{"line":277,"column":24},"end":{"line":277,"column":64},"skip":true},"62":{"start":{"line":279,"column":24},"end":{"line":279,"column":40},"skip":true},"63":{"start":{"line":281,"column":24},"end":{"line":281,"column":40},"skip":true},"64":{"start":{"line":283,"column":24},"end":{"line":283,"column":39},"skip":true},"65":{"start":{"line":288,"column":8},"end":{"line":290,"column":9},"skip":true},"66":{"start":{"line":289,"column":12},"end":{"line":289,"column":18},"skip":true},"67":{"start":{"line":291,"column":8},"end":{"line":293,"column":54},"skip":true},"68":{"start":{"line":296,"column":8},"end":{"line":301,"column":37},"skip":true},"69":{"start":{"line":303,"column":8},"end":{"line":303,"column":82},"skip":true},"70":{"start":{"line":306,"column":8},"end":{"line":308,"column":9},"skip":true},"71":{"start":{"line":307,"column":12},"end":{"line":307,"column":82},"skip":true},"72":{"start":{"line":310,"column":8},"end":{"line":312,"column":9},"skip":true},"73":{"start":{"line":311,"column":12},"end":{"line":311,"column":18},"skip":true},"74":{"start":{"line":313,"column":8},"end":{"line":313,"column":54},"skip":true},"75":{"start":{"line":314,"column":8},"end":{"line":314,"column":69},"skip":true},"76":{"start":{"line":315,"column":8},"end":{"line":323,"column":36},"skip":true},"77":{"start":{"line":316,"column":12},"end":{"line":316,"column":61},"skip":true},"78":{"start":{"line":317,"column":12},"end":{"line":320,"column":13},"skip":true},"79":{"start":{"line":318,"column":16},"end":{"line":318,"column":75},"skip":true},"80":{"start":{"line":319,"column":16},"end":{"line":319,"column":23},"skip":true},"81":{"start":{"line":321,"column":12},"end":{"line":321,"column":38},"skip":true},"82":{"start":{"line":322,"column":12},"end":{"line":322,"column":27},"skip":true},"83":{"start":{"line":324,"column":8},"end":{"line":324,"column":14},"skip":true}},"branchMap":{"1":{"line":39,"type":"binary-expr","locations":[{"start":{"line":39,"column":23},"end":{"line":39,"column":62}},{"start":{"line":40,"column":20},"end":{"line":40,"column":70}},{"start":{"line":41,"column":20},"end":{"line":41,"column":71}},{"start":{"line":42,"column":20},"end":{"line":42,"column":29}}]},"2":{"line":44,"type":"binary-expr","locations":[{"start":{"line":44,"column":23},"end":{"line":44,"column":37}},{"start":{"line":45,"column":20},"end":{"line":45,"column":61}},{"start":{"line":46,"column":20},"end":{"line":46,"column":70}},{"start":{"line":47,"column":20},"end":{"line":47,"column":26}}]},"3":{"line":51,"type":"cond-expr","locations":[{"start":{"line":52,"column":14},"end":{"line":52,"column":20}},{"start":{"line":53,"column":14},"end":{"line":53,"column":20}}]},"4":{"line":55,"type":"binary-expr","locations":[{"start":{"line":55,"column":16},"end":{"line":55,"column":44}},{"start":{"line":55,"column":49},"end":{"line":57,"column":43}}]},"5":{"line":55,"type":"cond-expr","locations":[{"start":{"line":56,"column":14},"end":{"line":56,"column":50}},{"start":{"line":57,"column":14},"end":{"line":57,"column":43}}]},"6":{"line":61,"type":"switch","locations":[{"start":{"line":68,"column":4},"end":{"line":150,"column":14},"skip":true},{"start":{"line":156,"column":4},"end":{"line":324,"column":14},"skip":true}]},"7":{"line":70,"type":"if","locations":[{"start":{"line":70,"column":12},"end":{"line":70,"column":12},"skip":true},{"start":{"line":70,"column":12},"end":{"line":70,"column":12},"skip":true}]},"8":{"line":70,"type":"binary-expr","locations":[{"start":{"line":70,"column":16},"end":{"line":70,"column":22},"skip":true},{"start":{"line":70,"column":27},"end":{"line":70,"column":32},"skip":true},{"start":{"line":71,"column":20},"end":{"line":71,"column":39},"skip":true},{"start":{"line":72,"column":20},"end":{"line":72,"column":49},"skip":true},{"start":{"line":73,"column":20},"end":{"line":73,"column":58},"skip":true},{"start":{"line":74,"column":20},"end":{"line":74,"column":69},"skip":true}]},"9":{"line":79,"type":"switch","locations":[{"start":{"line":80,"column":20},"end":{"line":80,"column":33},"skip":true},{"start":{"line":81,"column":20},"end":{"line":83,"column":30},"skip":true},{"start":{"line":84,"column":20},"end":{"line":85,"column":49},"skip":true}]},"10":{"line":89,"type":"switch","locations":[{"start":{"line":90,"column":12},"end":{"line":103,"column":22},"skip":true},{"start":{"line":105,"column":12},"end":{"line":106,"column":22},"skip":true}]},"11":{"line":89,"type":"binary-expr","locations":[{"start":{"line":89,"column":20},"end":{"line":89,"column":25},"skip":true},{"start":{"line":89,"column":29},"end":{"line":89,"column":48},"skip":true},{"start":{"line":89,"column":52},"end":{"line":89,"column":74},"skip":true}]},"12":{"line":92,"type":"if","locations":[{"start":{"line":92,"column":16},"end":{"line":92,"column":16},"skip":true},{"start":{"line":92,"column":16},"end":{"line":92,"column":16},"skip":true}]},"13":{"line":108,"type":"if","locations":[{"start":{"line":108,"column":12},"end":{"line":108,"column":12},"skip":true},{"start":{"line":108,"column":12},"end":{"line":108,"column":12},"skip":true}]},"14":{"line":108,"type":"binary-expr","locations":[{"start":{"line":108,"column":16},"end":{"line":108,"column":61},"skip":true},{"start":{"line":108,"column":66},"end":{"line":108,"column":72},"skip":true},{"start":{"line":108,"column":77},"end":{"line":108,"column":82},"skip":true},{"start":{"line":109,"column":20},"end":{"line":109,"column":39},"skip":true},{"start":{"line":110,"column":20},"end":{"line":110,"column":49},"skip":true},{"start":{"line":111,"column":20},"end":{"line":111,"column":58},"skip":true},{"start":{"line":112,"column":20},"end":{"line":112,"column":68},"skip":true}]},"15":{"line":129,"type":"if","locations":[{"start":{"line":129,"column":16},"end":{"line":129,"column":16},"skip":true},{"start":{"line":129,"column":16},"end":{"line":129,"column":16},"skip":true}]},"16":{"line":134,"type":"cond-expr","locations":[{"start":{"line":135,"column":26},"end":{"line":135,"column":29},"skip":true},{"start":{"line":136,"column":26},"end":{"line":136,"column":54},"skip":true}]},"17":{"line":164,"type":"binary-expr","locations":[{"start":{"line":164,"column":27},"end":{"line":164,"column":43},"skip":true},{"start":{"line":164,"column":47},"end":{"line":164,"column":49},"skip":true}]},"18":{"line":258,"type":"if","locations":[{"start":{"line":258,"column":8},"end":{"line":258,"column":8},"skip":true},{"start":{"line":258,"column":8},"end":{"line":258,"column":8},"skip":true}]},"19":{"line":275,"type":"switch","locations":[{"start":{"line":276,"column":20},"end":{"line":277,"column":64},"skip":true},{"start":{"line":278,"column":20},"end":{"line":279,"column":40},"skip":true},{"start":{"line":280,"column":20},"end":{"line":281,"column":40},"skip":true},{"start":{"line":282,"column":20},"end":{"line":283,"column":39},"skip":true}]},"20":{"line":288,"type":"if","locations":[{"start":{"line":288,"column":8},"end":{"line":288,"column":8},"skip":true},{"start":{"line":288,"column":8},"end":{"line":288,"column":8},"skip":true}]},"21":{"line":288,"type":"binary-expr","locations":[{"start":{"line":288,"column":12},"end":{"line":288,"column":40},"skip":true},{"start":{"line":288,"column":44},"end":{"line":288,"column":67},"skip":true}]},"22":{"line":292,"type":"binary-expr","locations":[{"start":{"line":292,"column":12},"end":{"line":292,"column":50},"skip":true},{"start":{"line":293,"column":12},"end":{"line":293,"column":53},"skip":true}]},"23":{"line":297,"type":"binary-expr","locations":[{"start":{"line":297,"column":12},"end":{"line":297,"column":64},"skip":true},{"start":{"line":298,"column":12},"end":{"line":301,"column":36},"skip":true}]},"24":{"line":303,"type":"binary-expr","locations":[{"start":{"line":303,"column":43},"end":{"line":303,"column":75},"skip":true},{"start":{"line":303,"column":79},"end":{"line":303,"column":81},"skip":true}]},"25":{"line":306,"type":"if","locations":[{"start":{"line":306,"column":8},"end":{"line":306,"column":8},"skip":true},{"start":{"line":306,"column":8},"end":{"line":306,"column":8},"skip":true}]},"26":{"line":310,"type":"if","locations":[{"start":{"line":310,"column":8},"end":{"line":310,"column":8},"skip":true},{"start":{"line":310,"column":8},"end":{"line":310,"column":8},"skip":true}]},"27":{"line":313,"type":"binary-expr","locations":[{"start":{"line":313,"column":27},"end":{"line":313,"column":43},"skip":true},{"start":{"line":313,"column":47},"end":{"line":313,"column":53},"skip":true}]},"28":{"line":317,"type":"if","locations":[{"start":{"line":317,"column":12},"end":{"line":317,"column":12},"skip":true},{"start":{"line":317,"column":12},"end":{"line":317,"column":12},"skip":true}]}},"code":["/*","example.js","","quickstart example","","instruction","    1. save this script as example.js","    2. run the shell command:","        $ npm install npmtest-teoria && PORT=8081 node example.js","    3. play with the browser-demo on http://127.0.0.1:8081","*/","","","","/* istanbul instrument in package npmtest_teoria */","/*jslint","    bitwise: true,","    browser: true,","    maxerr: 8,","    maxlen: 96,","    node: true,","    nomen: true,","    regexp: true,","    stupid: true","*/","(function () {","    'use strict';","    var local;","","","","    // run shared js-env code - pre-init","    (function () {","        // init local","        local = {};","        // init modeJs","        local.modeJs = (function () {","            try {","                return typeof navigator.userAgent === 'string' &&","                    typeof document.querySelector('body') === 'object' &&","                    typeof XMLHttpRequest.prototype.open === 'function' &&","                    'browser';","            } catch (errorCaughtBrowser) {","                return module.exports &&","                    typeof process.versions.node === 'string' &&","                    typeof require('http').createServer === 'function' &&","                    'node';","            }","        }());","        // init global","        local.global = local.modeJs === 'browser'","            ? window","            : global;","        // init utility2_rollup","        local = local.global.utility2_rollup || (local.modeJs === 'browser'","            ? local.global.utility2_npmtest_teoria","            : global.utility2_moduleExports);","        // export local","        local.global.local = local;","    }());","    switch (local.modeJs) {","","","","    // post-init","    // run browser js-env code - post-init","    /* istanbul ignore next */","    case 'browser':","        local.testRunBrowser = function (event) {","            if (!event || (event &&","                    event.currentTarget &&","                    event.currentTarget.className &&","                    event.currentTarget.className.includes &&","                    event.currentTarget.className.includes('onreset'))) {","                // reset output","                Array.from(","                    document.querySelectorAll('body > .resettable')","                ).forEach(function (element) {","                    switch (element.tagName) {","                    case 'INPUT':","                    case 'TEXTAREA':","                        element.value = '';","                        break;","                    default:","                        element.textContent = '';","                    }","                });","            }","            switch (event && event.currentTarget && event.currentTarget.id) {","            case 'testRunButton1':","                // show tests","                if (document.querySelector('#testReportDiv1').style.display === 'none') {","                    document.querySelector('#testReportDiv1').style.display = 'block';","                    document.querySelector('#testRunButton1').textContent =","                        'hide internal test';","                    local.modeTest = true;","                    local.testRunDefault(local);","                // hide tests","                } else {","                    document.querySelector('#testReportDiv1').style.display = 'none';","                    document.querySelector('#testRunButton1').textContent = 'run internal test';","                }","                break;","            // custom-case","            default:","                break;","            }","            if (document.querySelector('#inputTextareaEval1') && (!event || (event &&","                    event.currentTarget &&","                    event.currentTarget.className &&","                    event.currentTarget.className.includes &&","                    event.currentTarget.className.includes('oneval')))) {","                // try to eval input-code","                try {","                    /*jslint evil: true*/","                    eval(document.querySelector('#inputTextareaEval1').value);","                } catch (errorCaught) {","                    console.error(errorCaught);","                }","            }","        };","        // log stderr and stdout to #outputTextareaStdout1","        ['error', 'log'].forEach(function (key) {","            console[key + '_original'] = console[key];","            console[key] = function () {","                var element;","                console[key + '_original'].apply(console, arguments);","                element = document.querySelector('#outputTextareaStdout1');","                if (!element) {","                    return;","                }","                // append text to #outputTextareaStdout1","                element.value += Array.from(arguments).map(function (arg) {","                    return typeof arg === 'string'","                        ? arg","                        : JSON.stringify(arg, null, 4);","                }).join(' ') + '\\n';","                // scroll textarea to bottom","                element.scrollTop = element.scrollHeight;","            };","        });","        // init event-handling","        ['change', 'click', 'keyup'].forEach(function (event) {","            Array.from(document.querySelectorAll('.on' + event)).forEach(function (element) {","                element.addEventListener(event, local.testRunBrowser);","            });","        });","        // run tests","        local.testRunBrowser();","        break;","","","","    // run node js-env code - post-init","    /* istanbul ignore next */","    case 'node':","        // export local","        module.exports = local;","        // require modules","        local.fs = require('fs');","        local.http = require('http');","        local.url = require('url');","        // init assets","        local.assetsDict = local.assetsDict || {};","        /* jslint-ignore-begin */","        local.assetsDict['/assets.index.template.html'] = '\\","<!doctype html>\\n\\","<html lang=\"en\">\\n\\","<head>\\n\\","<meta charset=\"UTF-8\">\\n\\","<meta name=\"viewport\" content=\"width=device-width, initial-scale=1\">\\n\\","<title>{{env.npm_package_name}} (v{{env.npm_package_version}})</title>\\n\\","<style>\\n\\","/*csslint\\n\\","    box-sizing: false,\\n\\","    universal-selector: false\\n\\","*/\\n\\","* {\\n\\","    box-sizing: border-box;\\n\\","}\\n\\","body {\\n\\","    background: #dde;\\n\\","    font-family: Arial, Helvetica, sans-serif;\\n\\","    margin: 2rem;\\n\\","}\\n\\","body > * {\\n\\","    margin-bottom: 1rem;\\n\\","}\\n\\",".utility2FooterDiv {\\n\\","    margin-top: 20px;\\n\\","    text-align: center;\\n\\","}\\n\\","</style>\\n\\","<style>\\n\\","/*csslint\\n\\","*/\\n\\","textarea {\\n\\","    font-family: monospace;\\n\\","    height: 10rem;\\n\\","    width: 100%;\\n\\","}\\n\\","textarea[readonly] {\\n\\","    background: #ddd;\\n\\","}\\n\\","</style>\\n\\","</head>\\n\\","<body>\\n\\","<!-- utility2-comment\\n\\","<div id=\"ajaxProgressDiv1\" style=\"background: #d00; height: 2px; left: 0; margin: 0; padding: 0; position: fixed; top: 0; transition: background 0.5s, width 1.5s; width: 25%;\"></div>\\n\\","utility2-comment -->\\n\\","<h1>\\n\\","<!-- utility2-comment\\n\\","    <a\\n\\","        {{#if env.npm_package_homepage}}\\n\\","        href=\"{{env.npm_package_homepage}}\"\\n\\","        {{/if env.npm_package_homepage}}\\n\\","        target=\"_blank\"\\n\\","    >\\n\\","utility2-comment -->\\n\\","        {{env.npm_package_name}} (v{{env.npm_package_version}})\\n\\","<!-- utility2-comment\\n\\","    </a>\\n\\","utility2-comment -->\\n\\","</h1>\\n\\","<h3>{{env.npm_package_description}}</h3>\\n\\","<!-- utility2-comment\\n\\","<h4><a download href=\"assets.app.js\">download standalone app</a></h4>\\n\\","<button class=\"onclick onreset\" id=\"testRunButton1\">run internal test</button><br>\\n\\","<div id=\"testReportDiv1\" style=\"display: none;\"></div>\\n\\","utility2-comment -->\\n\\","\\n\\","\\n\\","\\n\\","<label>stderr and stdout</label>\\n\\","<textarea class=\"resettable\" id=\"outputTextareaStdout1\" readonly></textarea>\\n\\","<!-- utility2-comment\\n\\","{{#if isRollup}}\\n\\","<script src=\"assets.app.js\"></script>\\n\\","{{#unless isRollup}}\\n\\","utility2-comment -->\\n\\","<script src=\"assets.utility2.rollup.js\"></script>\\n\\","<script src=\"jsonp.utility2._stateInit?callback=window.utility2._stateInit\"></script>\\n\\","<script src=\"assets.npmtest_teoria.rollup.js\"></script>\\n\\","<script src=\"assets.example.js\"></script>\\n\\","<script src=\"assets.test.js\"></script>\\n\\","<!-- utility2-comment\\n\\","{{/if isRollup}}\\n\\","utility2-comment -->\\n\\","<div class=\"utility2FooterDiv\">\\n\\","    [ this app was created with\\n\\","    <a href=\"https://github.com/kaizhu256/node-utility2\" target=\"_blank\">utility2</a>\\n\\","    ]\\n\\","</div>\\n\\","</body>\\n\\","</html>\\n\\","';","        /* jslint-ignore-end */","        if (local.templateRender) {","            local.assetsDict['/'] = local.templateRender(","                local.assetsDict['/assets.index.template.html'],","                {","                    env: local.objectSetDefault(local.env, {","                        npm_package_description: 'the greatest app in the world!',","                        npm_package_name: 'my-app',","                        npm_package_nameAlias: 'my_app',","                        npm_package_version: '0.0.1'","                    })","                }","            );","        } else {","            local.assetsDict['/'] = local.assetsDict['/assets.index.template.html']","                .replace((/\\{\\{env\\.(\\w+?)\\}\\}/g), function (match0, match1) {","                    // jslint-hack","                    String(match0);","                    switch (match1) {","                    case 'npm_package_description':","                        return 'the greatest app in the world!';","                    case 'npm_package_name':","                        return 'my-app';","                    case 'npm_package_nameAlias':","                        return 'my_app';","                    case 'npm_package_version':","                        return '0.0.1';","                    }","                });","        }","        // run the cli","        if (local.global.utility2_rollup || module !== require.main) {","            break;","        }","        local.assetsDict['/assets.example.js'] =","            local.assetsDict['/assets.example.js'] ||","            local.fs.readFileSync(__filename, 'utf8');","        // bug-workaround - long $npm_package_buildCustomOrg","        /* jslint-ignore-begin */","        local.assetsDict['/assets.npmtest_teoria.rollup.js'] =","            local.assetsDict['/assets.npmtest_teoria.rollup.js'] ||","            local.fs.readFileSync(","                local.npmtest_teoria.__dirname + '/lib.npmtest_teoria.js',","                'utf8'","            ).replace((/^#!/), '//');","        /* jslint-ignore-end */","        local.assetsDict['/favicon.ico'] = local.assetsDict['/favicon.ico'] || '';","        // if $npm_config_timeout_exit exists,","        // then exit this process after $npm_config_timeout_exit ms","        if (Number(process.env.npm_config_timeout_exit)) {","            setTimeout(process.exit, Number(process.env.npm_config_timeout_exit));","        }","        // start server","        if (local.global.utility2_serverHttp1) {","            break;","        }","        process.env.PORT = process.env.PORT || '8081';","        console.error('server starting on port ' + process.env.PORT);","        local.http.createServer(function (request, response) {","            request.urlParsed = local.url.parse(request.url);","            if (local.assetsDict[request.urlParsed.pathname] !== undefined) {","                response.end(local.assetsDict[request.urlParsed.pathname]);","                return;","            }","            response.statusCode = 404;","            response.end();","        }).listen(process.env.PORT);","        break;","    }","}());",""],"l":{"26":2,"28":2,"33":2,"35":2,"37":2,"38":2,"39":2,"44":1,"51":2,"55":2,"59":2,"61":2,"69":1,"70":2,"76":2,"79":2,"82":2,"83":2,"85":1,"89":2,"92":1,"93":1,"94":1,"96":1,"97":1,"100":1,"101":1,"103":1,"106":1,"108":2,"114":1,"116":1,"118":1,"123":1,"124":2,"125":2,"126":3,"127":3,"128":3,"129":3,"130":1,"133":3,"134":3,"139":3,"143":1,"144":3,"145":1,"149":1,"150":1,"158":1,"160":1,"161":1,"162":1,"164":1,"166":1,"258":1,"259":1,"271":1,"274":6,"275":6,"277":1,"279":2,"281":1,"283":2,"288":1,"289":1,"291":1,"296":1,"303":1,"306":1,"307":1,"310":1,"311":1,"313":1,"314":1,"315":1,"316":1,"317":1,"318":1,"319":1,"321":1,"322":1,"324":1}},"/home/travis/build/npmtest/node-npmtest-teoria/node_modules/teoria/index.js":{"path":"/home/travis/build/npmtest/node-npmtest-teoria/node_modules/teoria/index.js","s":{"1":1,"2":1,"3":1,"4":1,"5":1,"6":1,"7":0,"8":0,"9":0,"10":0,"11":0,"12":0,"13":0,"14":0,"15":0,"16":1,"17":1,"18":1,"19":1,"20":1,"21":0,"22":0,"23":0,"24":1,"25":1,"26":1,"27":1,"28":1,"29":0,"30":0,"31":0,"32":0,"33":0,"34":0,"35":0,"36":0,"37":0,"38":1,"39":0,"40":0,"41":1,"42":1,"43":1},"b":{"1":[0,0],"2":[0,0],"3":[0,0],"4":[0,0],"5":[0,0],"6":[0,0],"7":[0,0],"8":[0,0],"9":[0,0],"10":[0,0],"11":[0,0],"12":[0,0],"13":[0,0],"14":[0,0]},"f":{"1":0,"2":0,"3":0,"4":0},"fnMap":{"1":{"name":"intervalConstructor","line":9,"loc":{"start":{"line":9,"column":0},"end":{"line":9,"column":39}}},"2":{"name":"noteConstructor","line":31,"loc":{"start":{"line":31,"column":0},"end":{"line":31,"column":41}}},"3":{"name":"chordConstructor","line":43,"loc":{"start":{"line":43,"column":0},"end":{"line":43,"column":40}}},"4":{"name":"scaleConstructor","line":58,"loc":{"start":{"line":58,"column":0},"end":{"line":58,"column":40}}}},"statementMap":{"1":{"start":{"line":1,"column":0},"end":{"line":1,"column":33}},"2":{"start":{"line":2,"column":0},"end":{"line":2,"column":41}},"3":{"start":{"line":3,"column":0},"end":{"line":3,"column":35}},"4":{"start":{"line":4,"column":0},"end":{"line":4,"column":35}},"5":{"start":{"line":6,"column":0},"end":{"line":6,"column":11}},"6":{"start":{"line":9,"column":0},"end":{"line":24,"column":1}},"7":{"start":{"line":11,"column":2},"end":{"line":12,"column":34}},"8":{"start":{"line":12,"column":4},"end":{"line":12,"column":34}},"9":{"start":{"line":14,"column":2},"end":{"line":15,"column":53}},"10":{"start":{"line":15,"column":4},"end":{"line":15,"column":53}},"11":{"start":{"line":17,"column":2},"end":{"line":18,"column":35}},"12":{"start":{"line":18,"column":4},"end":{"line":18,"column":35}},"13":{"start":{"line":20,"column":2},"end":{"line":21,"column":38}},"14":{"start":{"line":21,"column":4},"end":{"line":21,"column":38}},"15":{"start":{"line":23,"column":2},"end":{"line":23,"column":40}},"16":{"start":{"line":26,"column":0},"end":{"line":26,"column":47}},"17":{"start":{"line":27,"column":0},"end":{"line":27,"column":41}},"18":{"start":{"line":28,"column":0},"end":{"line":28,"column":47}},"19":{"start":{"line":29,"column":0},"end":{"line":29,"column":45}},"20":{"start":{"line":31,"column":0},"end":{"line":36,"column":1}},"21":{"start":{"line":32,"column":2},"end":{"line":35,"column":36}},"22":{"start":{"line":33,"column":4},"end":{"line":33,"column":43}},"23":{"start":{"line":35,"column":4},"end":{"line":35,"column":36}},"24":{"start":{"line":38,"column":0},"end":{"line":38,"column":45}},"25":{"start":{"line":39,"column":0},"end":{"line":39,"column":39}},"26":{"start":{"line":40,"column":0},"end":{"line":40,"column":51}},"27":{"start":{"line":41,"column":0},"end":{"line":41,"column":41}},"28":{"start":{"line":43,"column":0},"end":{"line":56,"column":1}},"29":{"start":{"line":44,"column":2},"end":{"line":53,"column":35}},"30":{"start":{"line":45,"column":4},"end":{"line":45,"column":21}},"31":{"start":{"line":46,"column":4},"end":{"line":46,"column":46}},"32":{"start":{"line":47,"column":4},"end":{"line":51,"column":5}},"33":{"start":{"line":48,"column":6},"end":{"line":48,"column":70}},"34":{"start":{"line":49,"column":6},"end":{"line":50,"column":57}},"35":{"start":{"line":52,"column":9},"end":{"line":53,"column":35}},"36":{"start":{"line":53,"column":4},"end":{"line":53,"column":35}},"37":{"start":{"line":55,"column":2},"end":{"line":55,"column":61}},"38":{"start":{"line":58,"column":0},"end":{"line":61,"column":1}},"39":{"start":{"line":59,"column":2},"end":{"line":59,"column":63}},"40":{"start":{"line":60,"column":2},"end":{"line":60,"column":33}},"41":{"start":{"line":63,"column":0},"end":{"line":76,"column":2}},"42":{"start":{"line":79,"column":0},"end":{"line":79,"column":31}},"43":{"start":{"line":80,"column":0},"end":{"line":80,"column":34}}},"branchMap":{"1":{"line":11,"type":"if","locations":[{"start":{"line":11,"column":2},"end":{"line":11,"column":2}},{"start":{"line":11,"column":2},"end":{"line":11,"column":2}}]},"2":{"line":14,"type":"if","locations":[{"start":{"line":14,"column":2},"end":{"line":14,"column":2}},{"start":{"line":14,"column":2},"end":{"line":14,"column":2}}]},"3":{"line":14,"type":"binary-expr","locations":[{"start":{"line":14,"column":6},"end":{"line":14,"column":28}},{"start":{"line":14,"column":32},"end":{"line":14,"column":52}}]},"4":{"line":17,"type":"if","locations":[{"start":{"line":17,"column":2},"end":{"line":17,"column":2}},{"start":{"line":17,"column":2},"end":{"line":17,"column":2}}]},"5":{"line":17,"type":"binary-expr","locations":[{"start":{"line":17,"column":6},"end":{"line":17,"column":28}},{"start":{"line":17,"column":32},"end":{"line":17,"column":52}}]},"6":{"line":20,"type":"if","locations":[{"start":{"line":20,"column":2},"end":{"line":20,"column":2}},{"start":{"line":20,"column":2},"end":{"line":20,"column":2}}]},"7":{"line":20,"type":"binary-expr","locations":[{"start":{"line":20,"column":6},"end":{"line":20,"column":24}},{"start":{"line":20,"column":28},"end":{"line":20,"column":48}}]},"8":{"line":32,"type":"if","locations":[{"start":{"line":32,"column":2},"end":{"line":32,"column":2}},{"start":{"line":32,"column":2},"end":{"line":32,"column":2}}]},"9":{"line":44,"type":"if","locations":[{"start":{"line":44,"column":2},"end":{"line":44,"column":2}},{"start":{"line":44,"column":2},"end":{"line":44,"column":2}}]},"10":{"line":47,"type":"if","locations":[{"start":{"line":47,"column":4},"end":{"line":47,"column":4}},{"start":{"line":47,"column":4},"end":{"line":47,"column":4}}]},"11":{"line":47,"type":"binary-expr","locations":[{"start":{"line":47,"column":8},"end":{"line":47,"column":12}},{"start":{"line":47,"column":16},"end":{"line":47,"column":23}}]},"12":{"line":48,"type":"cond-expr","locations":[{"start":{"line":48,"column":44},"end":{"line":48,"column":63}},{"start":{"line":48,"column":66},"end":{"line":48,"column":69}}]},"13":{"line":52,"type":"if","locations":[{"start":{"line":52,"column":9},"end":{"line":52,"column":9}},{"start":{"line":52,"column":9},"end":{"line":52,"column":9}}]},"14":{"line":59,"type":"cond-expr","locations":[{"start":{"line":59,"column":36},"end":{"line":59,"column":41}},{"start":{"line":59,"column":44},"end":{"line":59,"column":62}}]}},"code":["var Note = require('./lib/note');","var Interval = require('./lib/interval');","var Chord = require('./lib/chord');","var Scale = require('./lib/scale');","","var teoria;","","// never thought I would write this, but: Legacy support","function intervalConstructor(from, to) {","  // Construct a Interval object from string representation","  if (typeof from === 'string')","    return Interval.toCoord(from);","","  if (typeof to === 'string' && from instanceof Note)","    return Interval.from(from, Interval.toCoord(to));","","  if (to instanceof Interval && from instanceof Note)","    return Interval.from(from, to);","","  if (to instanceof Note && from instanceof Note)","    return Interval.between(from, to);","","  throw new Error('Invalid parameters');","}","","intervalConstructor.toCoord = Interval.toCoord;","intervalConstructor.from = Interval.from;","intervalConstructor.between = Interval.between;","intervalConstructor.invert = Interval.invert;","","function noteConstructor(name, duration) {","  if (typeof name === 'string')","    return Note.fromString(name, duration);","  else","    return new Note(name, duration);","}","","noteConstructor.fromString = Note.fromString;","noteConstructor.fromKey = Note.fromKey;","noteConstructor.fromFrequency = Note.fromFrequency;","noteConstructor.fromMIDI = Note.fromMIDI;","","function chordConstructor(name, symbol) {","  if (typeof name === 'string') {","    var root, octave;","    root = name.match(/^([a-h])(x|#|bb|b?)/i);","    if (root && root[0]) {","      octave = typeof symbol === 'number' ? symbol.toString(10) : '4';","      return new Chord(Note.fromString(root[0].toLowerCase() + octave),","                            name.substr(root[0].length));","    }","  } else if (name instanceof Note)","    return new Chord(name, symbol);","","  throw new Error('Invalid Chord. Couldn\\'t find note name');","}","","function scaleConstructor(tonic, scale) {","  tonic = (tonic instanceof Note) ? tonic : teoria.note(tonic);","  return new Scale(tonic, scale);","}","","teoria = {","  note: noteConstructor,","","  chord: chordConstructor,","","  interval: intervalConstructor,","","  scale: scaleConstructor,","","  Note: Note,","  Chord: Chord,","  Scale: Scale,","  Interval: Interval","};","","","require('./lib/sugar')(teoria);","exports = module.exports = teoria;",""],"l":{"1":1,"2":1,"3":1,"4":1,"6":1,"9":1,"11":0,"12":0,"14":0,"15":0,"17":0,"18":0,"20":0,"21":0,"23":0,"26":1,"27":1,"28":1,"29":1,"31":1,"32":0,"33":0,"35":0,"38":1,"39":1,"40":1,"41":1,"43":1,"44":0,"45":0,"46":0,"47":0,"48":0,"49":0,"52":0,"53":0,"55":0,"58":1,"59":0,"60":0,"63":1,"79":1,"80":1}},"/home/travis/build/npmtest/node-npmtest-teoria/node_modules/teoria/lib/note.js":{"path":"/home/travis/build/npmtest/node-npmtest-teoria/node_modules/teoria/lib/note.js","s":{"1":1,"2":1,"3":1,"4":1,"5":1,"6":1,"7":1,"8":0,"9":0,"10":0,"11":1,"12":0,"13":0,"14":0,"15":0,"16":0,"17":1,"18":0,"19":0,"20":0,"21":0,"22":0,"23":0,"24":0,"25":0,"26":0,"27":0,"28":0,"29":0,"30":0,"31":0,"32":0,"33":0,"34":0,"35":0,"36":0,"37":0,"38":0,"39":0,"40":0,"41":0,"42":0,"43":0,"44":0,"45":0,"46":0,"47":0,"48":0,"49":0,"50":0,"51":0,"52":0,"53":0,"54":0,"55":0,"56":0,"57":0,"58":0,"59":0,"60":0,"61":0,"62":0,"63":0,"64":0,"65":0,"66":0,"67":0,"68":0,"69":0,"70":0,"71":0,"72":0,"73":0,"74":1,"75":0,"76":0,"77":0,"78":0,"79":1,"80":0,"81":0,"82":0,"83":0,"84":0,"85":0,"86":0,"87":0,"88":1,"89":0,"90":0,"91":0,"92":0,"93":0,"94":0,"95":0,"96":1,"97":0,"98":1},"b":{"1":[0,0],"2":[0,0],"3":[0,0],"4":[0,0],"5":[0,0],"6":[0,0],"7":[0,0],"8":[0,0],"9":[0,0],"10":[0,0],"11":[0,0],"12":[0,0],"13":[0,0],"14":[0,0],"15":[0,0],"16":[0,0],"17":[0,0],"18":[0,0],"19":[0,0],"20":[0,0],"21":[0,0],"22":[0,0,0],"23":[0,0],"24":[0,0],"25":[0,0],"26":[0,0],"27":[0,0],"28":[0,0]},"f":{"1":0,"2":0,"3":0,"4":0,"5":0,"6":0,"7":0,"8":0,"9":0,"10":0,"11":0,"12":0,"13":0,"14":0,"15":0,"16":0,"17":0,"18":0,"19":0,"20":0,"21":0,"22":0,"23":0,"24":0,"25":0,"26":0},"fnMap":{"1":{"name":"pad","line":8,"loc":{"start":{"line":8,"column":0},"end":{"line":8,"column":27}}},"2":{"name":"Note","line":17,"loc":{"start":{"line":17,"column":0},"end":{"line":17,"column":31}}},"3":{"name":"(anonymous_3)","line":26,"loc":{"start":{"line":26,"column":10},"end":{"line":26,"column":21}}},"4":{"name":"(anonymous_4)","line":31,"loc":{"start":{"line":31,"column":8},"end":{"line":31,"column":19}}},"5":{"name":"(anonymous_5)","line":37,"loc":{"start":{"line":37,"column":19},"end":{"line":37,"column":30}}},"6":{"name":"(anonymous_6)","line":41,"loc":{"start":{"line":41,"column":14},"end":{"line":41,"column":25}}},"7":{"name":"(anonymous_7)","line":48,"loc":{"start":{"line":48,"column":7},"end":{"line":48,"column":23}}},"8":{"name":"(anonymous_8)","line":58,"loc":{"start":{"line":58,"column":8},"end":{"line":58,"column":19}}},"9":{"name":"(anonymous_9)","line":66,"loc":{"start":{"line":66,"column":6},"end":{"line":66,"column":29}}},"10":{"name":"(anonymous_10)","line":73,"loc":{"start":{"line":73,"column":10},"end":{"line":73,"column":21}}},"11":{"name":"(anonymous_11)","line":79,"loc":{"start":{"line":79,"column":12},"end":{"line":79,"column":31}}},"12":{"name":"(anonymous_12)","line":88,"loc":{"start":{"line":88,"column":13},"end":{"line":88,"column":32}}},"13":{"name":"(anonymous_13)","line":96,"loc":{"start":{"line":96,"column":13},"end":{"line":96,"column":24}}},"14":{"name":"(anonymous_14)","line":109,"loc":{"start":{"line":109,"column":14},"end":{"line":109,"column":25}}},"15":{"name":"(anonymous_15)","line":116,"loc":{"start":{"line":116,"column":15},"end":{"line":116,"column":39}}},"16":{"name":"(anonymous_16)","line":121,"loc":{"start":{"line":121,"column":14},"end":{"line":121,"column":29}}},"17":{"name":"(anonymous_17)","line":133,"loc":{"start":{"line":133,"column":11},"end":{"line":133,"column":40}}},"18":{"name":"(anonymous_18)","line":148,"loc":{"start":{"line":148,"column":15},"end":{"line":148,"column":31}}},"19":{"name":"(anonymous_19)","line":159,"loc":{"start":{"line":159,"column":30},"end":{"line":159,"column":58}}},"20":{"name":"(anonymous_20)","line":169,"loc":{"start":{"line":169,"column":16},"end":{"line":169,"column":27}}},"21":{"name":"(anonymous_21)","line":179,"loc":{"start":{"line":179,"column":21},"end":{"line":179,"column":45}}},"22":{"name":"(anonymous_22)","line":187,"loc":{"start":{"line":187,"column":12},"end":{"line":187,"column":27}}},"23":{"name":"(anonymous_23)","line":192,"loc":{"start":{"line":192,"column":18},"end":{"line":192,"column":38}}},"24":{"name":"(anonymous_24)","line":198,"loc":{"start":{"line":198,"column":15},"end":{"line":198,"column":29}}},"25":{"name":"(anonymous_25)","line":210,"loc":{"start":{"line":210,"column":21},"end":{"line":210,"column":48}}},"26":{"name":"(anonymous_26)","line":222,"loc":{"start":{"line":222,"column":16},"end":{"line":222,"column":31}}}},"statementMap":{"1":{"start":{"line":1,"column":0},"end":{"line":1,"column":48}},"2":{"start":{"line":2,"column":0},"end":{"line":2,"column":37}},"3":{"start":{"line":3,"column":0},"end":{"line":3,"column":34}},"4":{"start":{"line":4,"column":0},"end":{"line":4,"column":39}},"5":{"start":{"line":5,"column":0},"end":{"line":5,"column":33}},"6":{"start":{"line":6,"column":0},"end":{"line":6,"column":37}},"7":{"start":{"line":8,"column":0},"end":{"line":14,"column":1}},"8":{"start":{"line":9,"column":2},"end":{"line":11,"column":3}},"9":{"start":{"line":10,"column":4},"end":{"line":10,"column":14}},"10":{"start":{"line":13,"column":2},"end":{"line":13,"column":13}},"11":{"start":{"line":17,"column":0},"end":{"line":23,"column":1}},"12":{"start":{"line":18,"column":2},"end":{"line":18,"column":64}},"13":{"start":{"line":18,"column":31},"end":{"line":18,"column":64}},"14":{"start":{"line":19,"column":2},"end":{"line":19,"column":28}},"15":{"start":{"line":21,"column":2},"end":{"line":21,"column":75}},"16":{"start":{"line":22,"column":2},"end":{"line":22,"column":21}},"17":{"start":{"line":25,"column":0},"end":{"line":190,"column":2}},"18":{"start":{"line":27,"column":4},"end":{"line":28,"column":33}},"19":{"start":{"line":32,"column":4},"end":{"line":32,"column":39}},"20":{"start":{"line":33,"column":4},"end":{"line":33,"column":62}},"21":{"start":{"line":34,"column":4},"end":{"line":34,"column":33}},"22":{"start":{"line":38,"column":4},"end":{"line":38,"column":65}},"23":{"start":{"line":42,"column":4},"end":{"line":42,"column":61}},"24":{"start":{"line":49,"column":4},"end":{"line":52,"column":57}},"25":{"start":{"line":50,"column":6},"end":{"line":50,"column":56}},"26":{"start":{"line":52,"column":6},"end":{"line":52,"column":57}},"27":{"start":{"line":59,"column":4},"end":{"line":59,"column":27}},"28":{"start":{"line":67,"column":4},"end":{"line":67,"column":45}},"29":{"start":{"line":74,"column":4},"end":{"line":74,"column":71}},"30":{"start":{"line":76,"column":4},"end":{"line":76,"column":44}},"31":{"start":{"line":80,"column":4},"end":{"line":80,"column":76}},"32":{"start":{"line":80,"column":38},"end":{"line":80,"column":76}},"33":{"start":{"line":82,"column":4},"end":{"line":85,"column":66}},"34":{"start":{"line":83,"column":6},"end":{"line":83,"column":62}},"35":{"start":{"line":84,"column":9},"end":{"line":85,"column":66}},"36":{"start":{"line":85,"column":6},"end":{"line":85,"column":66}},"37":{"start":{"line":89,"column":4},"end":{"line":89,"column":56}},"38":{"start":{"line":90,"column":4},"end":{"line":90,"column":16}},"39":{"start":{"line":97,"column":4},"end":{"line":97,"column":31}},"40":{"start":{"line":98,"column":4},"end":{"line":98,"column":27}},"41":{"start":{"line":99,"column":4},"end":{"line":99,"column":64}},"42":{"start":{"line":100,"column":4},"end":{"line":100,"column":42}},"43":{"start":{"line":101,"column":4},"end":{"line":101,"column":56}},"44":{"start":{"line":103,"column":4},"end":{"line":103,"column":60}},"45":{"start":{"line":110,"column":4},"end":{"line":110,"column":73}},"46":{"start":{"line":117,"column":4},"end":{"line":117,"column":56}},"47":{"start":{"line":119,"column":4},"end":{"line":130,"column":7}},"48":{"start":{"line":122,"column":6},"end":{"line":122,"column":39}},"49":{"start":{"line":123,"column":6},"end":{"line":123,"column":42}},"50":{"start":{"line":125,"column":6},"end":{"line":129,"column":7}},"51":{"start":{"line":126,"column":8},"end":{"line":126,"column":62}},"52":{"start":{"line":127,"column":8},"end":{"line":127,"column":53}},"53":{"start":{"line":128,"column":8},"end":{"line":128,"column":20}},"54":{"start":{"line":134,"column":4},"end":{"line":134,"column":70}},"55":{"start":{"line":135,"column":4},"end":{"line":136,"column":35}},"56":{"start":{"line":136,"column":6},"end":{"line":136,"column":35}},"57":{"start":{"line":138,"column":4},"end":{"line":142,"column":5}},"58":{"start":{"line":139,"column":6},"end":{"line":139,"column":59}},"59":{"start":{"line":140,"column":6},"end":{"line":140,"column":70}},"60":{"start":{"line":141,"column":6},"end":{"line":141,"column":41}},"61":{"start":{"line":144,"column":4},"end":{"line":144,"column":74}},"62":{"start":{"line":145,"column":4},"end":{"line":145,"column":75}},"63":{"start":{"line":149,"column":4},"end":{"line":149,"column":43}},"64":{"start":{"line":152,"column":4},"end":{"line":155,"column":5}},"65":{"start":{"line":154,"column":6},"end":{"line":154,"column":29}},"66":{"start":{"line":157,"column":4},"end":{"line":157,"column":37}},"67":{"start":{"line":159,"column":4},"end":{"line":162,"column":10}},"68":{"start":{"line":160,"column":6},"end":{"line":160,"column":50}},"69":{"start":{"line":161,"column":6},"end":{"line":161,"column":76}},"70":{"start":{"line":170,"column":4},"end":{"line":170,"column":52}},"71":{"start":{"line":180,"column":4},"end":{"line":180,"column":71}},"72":{"start":{"line":181,"column":4},"end":{"line":181,"column":61}},"73":{"start":{"line":188,"column":4},"end":{"line":188,"column":73}},"74":{"start":{"line":192,"column":0},"end":{"line":196,"column":2}},"75":{"start":{"line":193,"column":2},"end":{"line":193,"column":31}},"76":{"start":{"line":194,"column":2},"end":{"line":194,"column":38}},"77":{"start":{"line":194,"column":14},"end":{"line":194,"column":38}},"78":{"start":{"line":195,"column":2},"end":{"line":195,"column":30}},"79":{"start":{"line":198,"column":0},"end":{"line":208,"column":2}},"80":{"start":{"line":199,"column":2},"end":{"line":199,"column":42}},"81":{"start":{"line":200,"column":2},"end":{"line":200,"column":41}},"82":{"start":{"line":201,"column":2},"end":{"line":201,"column":70}},"83":{"start":{"line":202,"column":2},"end":{"line":202,"column":64}},"84":{"start":{"line":203,"column":2},"end":{"line":203,"column":50}},"85":{"start":{"line":204,"column":2},"end":{"line":204,"column":64}},"86":{"start":{"line":206,"column":2},"end":{"line":206,"column":78}},"87":{"start":{"line":207,"column":2},"end":{"line":207,"column":23}},"88":{"start":{"line":210,"column":0},"end":{"line":220,"column":2}},"89":{"start":{"line":211,"column":2},"end":{"line":211,"column":29}},"90":{"start":{"line":212,"column":2},"end":{"line":212,"column":37}},"91":{"start":{"line":214,"column":2},"end":{"line":214,"column":74}},"92":{"start":{"line":215,"column":2},"end":{"line":215,"column":24}},"93":{"start":{"line":216,"column":2},"end":{"line":216,"column":59}},"94":{"start":{"line":217,"column":2},"end":{"line":217,"column":59}},"95":{"start":{"line":219,"column":2},"end":{"line":219,"column":51}},"96":{"start":{"line":222,"column":0},"end":{"line":224,"column":2}},"97":{"start":{"line":223,"column":2},"end":{"line":223,"column":33}},"98":{"start":{"line":226,"column":0},"end":{"line":226,"column":22}}},"branchMap":{"1":{"line":18,"type":"if","locations":[{"start":{"line":18,"column":2},"end":{"line":18,"column":2}},{"start":{"line":18,"column":2},"end":{"line":18,"column":2}}]},"2":{"line":19,"type":"binary-expr","locations":[{"start":{"line":19,"column":13},"end":{"line":19,"column":21}},{"start":{"line":19,"column":25},"end":{"line":19,"column":27}}]},"3":{"line":21,"type":"binary-expr","locations":[{"start":{"line":21,"column":27},"end":{"line":21,"column":41}},{"start":{"line":21,"column":45},"end":{"line":21,"column":46}}]},"4":{"line":21,"type":"binary-expr","locations":[{"start":{"line":21,"column":54},"end":{"line":21,"column":67}},{"start":{"line":21,"column":71},"end":{"line":21,"column":72}}]},"5":{"line":49,"type":"if","locations":[{"start":{"line":49,"column":4},"end":{"line":49,"column":4}},{"start":{"line":49,"column":4},"end":{"line":49,"column":4}}]},"6":{"line":76,"type":"cond-expr","locations":[{"start":{"line":76,"column":25},"end":{"line":76,"column":35}},{"start":{"line":76,"column":38},"end":{"line":76,"column":43}}]},"7":{"line":80,"type":"if","locations":[{"start":{"line":80,"column":4},"end":{"line":80,"column":4}},{"start":{"line":80,"column":4},"end":{"line":80,"column":4}}]},"8":{"line":82,"type":"if","locations":[{"start":{"line":82,"column":4},"end":{"line":82,"column":4}},{"start":{"line":82,"column":4},"end":{"line":82,"column":4}}]},"9":{"line":84,"type":"if","locations":[{"start":{"line":84,"column":9},"end":{"line":84,"column":9}},{"start":{"line":84,"column":9},"end":{"line":84,"column":9}}]},"10":{"line":99,"type":"cond-expr","locations":[{"start":{"line":99,"column":24},"end":{"line":99,"column":42}},{"start":{"line":99,"column":45},"end":{"line":99,"column":63}}]},"11":{"line":100,"type":"cond-expr","locations":[{"start":{"line":100,"column":31},"end":{"line":100,"column":34}},{"start":{"line":100,"column":37},"end":{"line":100,"column":41}}]},"12":{"line":101,"type":"cond-expr","locations":[{"start":{"line":101,"column":32},"end":{"line":101,"column":42}},{"start":{"line":101,"column":45},"end":{"line":101,"column":55}}]},"13":{"line":117,"type":"cond-expr","locations":[{"start":{"line":117,"column":50},"end":{"line":117,"column":51}},{"start":{"line":117,"column":54},"end":{"line":117,"column":55}}]},"14":{"line":125,"type":"if","locations":[{"start":{"line":125,"column":6},"end":{"line":125,"column":6}},{"start":{"line":125,"column":6},"end":{"line":125,"column":6}}]},"15":{"line":125,"type":"binary-expr","locations":[{"start":{"line":125,"column":10},"end":{"line":125,"column":22}},{"start":{"line":125,"column":26},"end":{"line":125,"column":39}}]},"16":{"line":135,"type":"if","locations":[{"start":{"line":135,"column":4},"end":{"line":135,"column":4}},{"start":{"line":135,"column":4},"end":{"line":135,"column":4}}]},"17":{"line":138,"type":"if","locations":[{"start":{"line":138,"column":4},"end":{"line":138,"column":4}},{"start":{"line":138,"column":4},"end":{"line":138,"column":4}}]},"18":{"line":140,"type":"cond-expr","locations":[{"start":{"line":140,"column":29},"end":{"line":140,"column":46}},{"start":{"line":140,"column":49},"end":{"line":140,"column":69}}]},"19":{"line":141,"type":"cond-expr","locations":[{"start":{"line":141,"column":30},"end":{"line":141,"column":34}},{"start":{"line":141,"column":37},"end":{"line":141,"column":40}}]},"20":{"line":145,"type":"cond-expr","locations":[{"start":{"line":145,"column":27},"end":{"line":145,"column":64}},{"start":{"line":145,"column":67},"end":{"line":145,"column":74}}]},"21":{"line":152,"type":"if","locations":[{"start":{"line":152,"column":4},"end":{"line":152,"column":4}},{"start":{"line":152,"column":4},"end":{"line":152,"column":4}}]},"22":{"line":152,"type":"binary-expr","locations":[{"start":{"line":152,"column":8},"end":{"line":152,"column":36}},{"start":{"line":153,"column":8},"end":{"line":153,"column":28}},{"start":{"line":153,"column":32},"end":{"line":153,"column":52}}]},"23":{"line":161,"type":"cond-expr","locations":[{"start":{"line":161,"column":62},"end":{"line":161,"column":67}},{"start":{"line":161,"column":70},"end":{"line":161,"column":75}}]},"24":{"line":161,"type":"binary-expr","locations":[{"start":{"line":161,"column":13},"end":{"line":161,"column":34}},{"start":{"line":161,"column":38},"end":{"line":161,"column":59}}]},"25":{"line":188,"type":"cond-expr","locations":[{"start":{"line":188,"column":53},"end":{"line":188,"column":55}},{"start":{"line":188,"column":58},"end":{"line":188,"column":71}}]},"26":{"line":194,"type":"if","locations":[{"start":{"line":194,"column":2},"end":{"line":194,"column":2}},{"start":{"line":194,"column":2},"end":{"line":194,"column":2}}]},"27":{"line":206,"type":"cond-expr","locations":[{"start":{"line":206,"column":19},"end":{"line":206,"column":70}},{"start":{"line":206,"column":73},"end":{"line":206,"column":77}}]},"28":{"line":212,"type":"binary-expr","locations":[{"start":{"line":212,"column":17},"end":{"line":212,"column":29}},{"start":{"line":212,"column":33},"end":{"line":212,"column":36}}]}},"code":["var scientific = require('scientific-notation');","var helmholtz = require('helmholtz');","var pitchFq = require('pitch-fq');","var knowledge = require('./knowledge');","var vector = require('./vector');","var Interval = require('./interval');","","function pad(str, ch, len) {","  for (; len > 0; len--) {","    str += ch;","  }","","  return str;","}","","","function Note(coord, duration) {","  if (!(this instanceof Note)) return new Note(coord, duration);","  duration = duration || {};","","  this.duration = { value: duration.value || 4, dots: duration.dots || 0 };","  this.coord = coord;","}","","Note.prototype = {","  octave: function() {","    return this.coord[0] + knowledge.A4[0] - knowledge.notes[this.name()][0] +","      this.accidentalValue() * 4;","  },","","  name: function() {","    var value = this.accidentalValue();","    var idx = this.coord[1] + knowledge.A4[1] - value * 7 + 1;","    return knowledge.fifths[idx];","  },","","  accidentalValue: function() {","    return Math.round((this.coord[1] + knowledge.A4[1] - 2) / 7);","  },","","  accidental: function() {","    return knowledge.accidentals[this.accidentalValue() + 2];","  },","","  /**","   * Returns the key number of the note","   */","  key: function(white) {","    if (white)","      return this.coord[0] * 7 + this.coord[1] * 4 + 29;","    else","      return this.coord[0] * 12 + this.coord[1] * 7 + 49;","  },","","  /**","  * Returns a number ranging from 0-127 representing a MIDI note value","  */","  midi: function() {","    return this.key() + 20;","  },","","  /**","   * Calculates and returns the frequency of the note.","   * Optional concert pitch (def. 440)","   */","  fq: function(concertPitch) {","    return pitchFq(this.coord, concertPitch);","  },","","  /**","   * Returns the pitch class index (chroma) of the note","   */","  chroma: function() {","    var value = (vector.sum(vector.mul(this.coord, [12, 7])) - 3) % 12;","","    return (value < 0) ? value + 12 : value;","  },","","  interval: function(interval) {","    if (typeof interval === 'string') interval = Interval.toCoord(interval);","","    if (interval instanceof Interval)","      return new Note(vector.add(this.coord, interval.coord));","    else if (interval instanceof Note)","      return new Interval(vector.sub(interval.coord, this.coord));","  },","","  transpose: function(interval) {","    this.coord = vector.add(this.coord, interval.coord);","    return this;","  },","","  /**","   * Returns the Helmholtz notation form of the note (fx C,, d' F# g#'')","   */","  helmholtz: function() {","    var octave = this.octave();","    var name = this.name();","    name = octave < 3 ? name.toUpperCase() : name.toLowerCase();","    var padchar = octave < 3 ? ',' : '\\'';","    var padcount = octave < 2 ? 2 - octave : octave - 3;","","    return pad(name + this.accidental(), padchar, padcount);","  },","","  /**","   * Returns the scientific notation form of the note (fx E4, Bb3, C#7 etc.)","   */","  scientific: function() {","    return this.name().toUpperCase() + this.accidental() + this.octave();","  },","","  /**","   * Returns notes that are enharmonic with this note.","   */","  enharmonics: function(oneaccidental) {","    var key = this.key(), limit = oneaccidental ? 2 : 3;","","    return ['m3', 'm2', 'm-2', 'm-3']","      .map(this.interval.bind(this))","      .filter(function(note) {","      var acc = note.accidentalValue();","      var diff = key - (note.key() - acc);","","      if (diff < limit && diff > -limit) {","        var product = vector.mul(knowledge.sharp, diff - acc);","        note.coord = vector.add(note.coord, product);","        return true;","      }","    });","  },","","  solfege: function(scale, showOctaves) {","    var interval = scale.tonic.interval(this), solfege, stroke, count;","    if (interval.direction() === 'down')","      interval = interval.invert();","","    if (showOctaves) {","      count = (this.key(true) - scale.tonic.key(true)) / 7;","      count = (count >= 0) ? Math.floor(count) : -(Math.ceil(-count));","      stroke = (count >= 0) ? '\\'' : ',';","    }","","    solfege = knowledge.intervalSolfege[interval.simple(true).toString()];","    return (showOctaves) ? pad(solfege, stroke, Math.abs(count)) : solfege;","  },","","  scaleDegree: function(scale) {","    var inter = scale.tonic.interval(this);","","    // If the direction is down, or we're dealing with an octave - invert it","    if (inter.direction() === 'down' ||","       (inter.coord[1] === 0 && inter.coord[0] !== 0)) {","      inter = inter.invert();","    }","","    inter = inter.simple(true).coord;","","    return scale.scale.reduce(function(index, current, i) {","      var coord = Interval.toCoord(current).coord;","      return coord[0] === inter[0] && coord[1] === inter[1] ? i + 1 : index;","    }, 0);","  },","","  /**","   * Returns the name o
[...]
","  name = name || '';","  this.name = root.name().toUpperCase() + root.accidental() + name;","  this.symbol = name;","  this.root = root;","  this.intervals = [];","  this._voicing = [];","","  var bass = name.split('/');","  if (bass.length === 2 && bass[1].trim() !== '9') {","    name = bass[0];","    bass = bass[1].trim();","  } else {","    bass = null;","  }","","  this.intervals = daccord(name).map(Interval.toCoord);","  this._voicing = this.intervals.slice();","","  if (bass) {","    var intervals = this.intervals, bassInterval, note;","    // Make sure the bass is atop of the root note","    note = Note.fromString(bass + (root.octave() + 1)); // crude","","    bassInterval = Interval.between(root, note);","    bass = bassInterval.simple();","    bassInterval = bassInterval.invert().direction('down');","","    this._voicing = [bassInterval];","    for (var i = 0, length = intervals.length;  i < length; i++) {","      if (!intervals[i].simple().equal(bass))","        this._voicing.push(intervals[i]);","    }","  }","}","","Chord.prototype = {","  notes: function() {","    var root = this.root;","    return this.voicing().map(function(interval) {","      return root.interval(interval);","    });","  },","","  simple: function() {","    return this.notes().map(function(n) { return n.toString(true); });","  },","","  bass: function() {","    return this.root.interval(this._voicing[0]);","  },","","  voicing: function(voicing) {","    // Get the voicing","    if (!voicing) {","      return this._voicing;","    }","","    // Set the voicing","    this._voicing = [];","    for (var i = 0, length = voicing.length; i < length; i++) {","      this._voicing[i] = Interval.toCoord(voicing[i]);","    }","","    return this;","  },","","  resetVoicing: function() {","    this._voicing = this.intervals;","  },","","  dominant: function(additional) {","    additional = additional || '';","    return new Chord(this.root.interval('P5'), additional);","  },","","  subdominant: function(additional) {","    additional = additional || '';","    return new Chord(this.root.interval('P4'), additional);","  },","","  parallel: function(additional) {","    additional = additional || '';","    var quality = this.quality();","","    if (this.chordType() !== 'triad' || quality === 'diminished' ||","        quality === 'augmented') {","      throw new Error('Only major/minor triads have parallel chords');","    }","","    if (quality === 'major') {","      return new Chord(this.root.interval('m3', 'down'), 'm');","    } else {","      return new Chord(this.root.interval('m3', 'up'));","    }","  },","","  quality: function() {","    var third, fifth, seventh, intervals = this.intervals;","","    for (var i = 0, length = intervals.length; i < length; i++) {","      if (intervals[i].number() === 3) {","        third = intervals[i];","      } else if (intervals[i].number() === 5) {","        fifth = intervals[i];","      } else if (intervals[i].number() === 7) {","        seventh = intervals[i];","      }","    }","","    if (!third) {","      return;","    }","","    third = (third.direction() === 'down') ? third.invert() : third;","    third = third.simple().toString();","","    if (fifth) {","      fifth = (fifth.direction === 'down') ? fifth.invert() : fifth;","      fifth = fifth.simple().toString();","    }","","    if (seventh) {","      seventh = (seventh.direction === 'down') ? seventh.invert() : seventh;","      seventh = seventh.simple().toString();","    }","","    if (third === 'M3') {","      if (fifth === 'A5') {","        return 'augmented';","      } else if (fifth === 'P5') {","        return (seventh === 'm7') ? 'dominant' : 'major';","      }","","      return 'major';","    } else if (third === 'm3') {","      if (fifth === 'P5') {","        return 'minor';","      } else if (fifth === 'd5') {","        return (seventh === 'm7') ? 'half-diminished' : 'diminished';","      }","","      return 'minor';","    }","  },","","  chordType: function() { // In need of better name","    var length = this.intervals.length, interval, has, invert, i, name;","","    if (length === 2) {","      return 'dyad';","    } else if (length === 3) {","      has = {first: false, third: false, fifth: false};","      for (i = 0; i < length; i++) {","        interval = this.intervals[i];","        invert = interval.invert();","        if (interval.base() in has) {","          has[interval.base()] = true;","        } else if (invert.base() in has) {","          has[invert.base()] = true;","        }","      }","","      name = (has.first && has.third && has.fifth) ? 'triad' : 'trichord';","    } else if (length === 4) {","      has = {first: false, third: false, fifth: false, seventh: false};","      for (i = 0; i < length; i++) {","        interval = this.intervals[i];","        invert = interval.invert();","        if (interval.base() in has) {","          has[interval.base()] = true;","        } else if (invert.base() in has) {","          has[invert.base()] = true;","        }","      }","","      if (has.first && has.third && has.fifth && has.seventh) {","        name = 'tetrad';","      }","    }","","    return name || 'unknown';","  },","","  get: function(interval) {","    if (typeof interval === 'string' && interval in knowledge.stepNumber) {","      var intervals = this.intervals, i, length;","","      interval = knowledge.stepNumber[interval];","      for (i = 0, length = intervals.length; i < length; i++) {","        if (intervals[i].number() === interval) {","          return this.root.interval(intervals[i]);","        }","      }","","      return null;","    } else {","      throw new Error('Invalid interval name');","    }","  },","","  interval: function(interval) {","    return new Chord(this.root.interval(interval), this.symbol);","  },","","  transpose: function(interval) {","    this.root.transpose(interval);","    this.name = this.root.name().toUpperCase() +","                this.root.accidental() + this.symbol;","","    return this;","  },","","  toString: function() {","    return this.name;","  }","};","","module.exports = Chord;",""],"l":{"1":1,"2":1,"3":1,"4":1,"6":1,"7":0,"8":0,"9":0,"10":0,"11":0,"12":0,"13":0,"15":0,"16":0,"17":0,"18":0,"20":0,"23":0,"24":0,"26":0,"27":0,"29":0,"31":0,"32":0,"33":0,"35":0,"36":0,"37":0,"38":0,"43":1,"45":0,"46":0,"47":0,"52":0,"56":0,"61":0,"62":0,"66":0,"67":0,"68":0,"71":0,"75":0,"79":0,"80":0,"84":0,"85":0,"89":0,"90":0,"92":0,"94":0,"97":0,"98":0,"100":0,"105":0,"107":0,"108":0,"109":0,"110":0,"111":0,"112":0,"113":0,"117":0,"118":0,"121":0,"122":0,"124":0,"125":0,"126":0,"129":0,"130":0,"131":0,"134":0,"135":0,"136":0,"137":0,"138":0,"141":0,"142":0,"143":0,"144":0,"145":0,"146":0,"149":0,"154":0,"156":0,"157":0,"158":0,"159":0,"160":0,"161":0,"162":0,"163":0,"164":0,"165":0,"166":0,"170":0,"171":0,"172":0,"173":0,"174":0,"175":0,"176":0,"177":0,"178":0,"179":0,"183":0,"184":0,"188":0,"192":0,"193":0,"195":0,"196":0,"197":0,"198":0,"202":0,"204":0,"209":0,"213":0,"214":0,"217":0,"221":0,"225":1}},"/home/travis/build/npmtest/node-npmtest-teoria/node_modules/teoria/lib/scale.js":{"path":"/home/travis/build/npmtest/node-npmtest-teoria/node_modules/teoria/lib/scale.js","s":{"1":1,"2":1,"3":1,"4":1,"5":1,"6":1,"7":1,"8":1,"9":0,"10":0,"11":0,"12":0,"13":0,"14":0,"15":0,"16":0,"17":0,"18":0,"19":0,"20":0,"21":0,"22":0,"23":0,"24":0,"25":0,"26":0,"27":1,"28":0,"29":0,"30":0,"31":0,"32":0,"33":0,"34":0,"35":0,"36":0,"37":0,"38":0,"39":0,"40":0,"41":0,"42":0,"43":0,"44":0,"45":0,"46":0,"47":0,"48":0,"49":0,"50":1,"51":1},"b":{"1":[0,0],"2":[0,0],"3":[0,0],"4":[0,0],"5":[0,0],"6":[0,0],"7":[0,0],"8":[0,0],"9":[0,0],"10":[0,0],"11":[0,0]},"f":{"1":0,"2":0,"3":0,"4":0,"5":0,"6":0,"7":0,"8":0,"9":0,"10":0},"fnMap":{"1":{"name":"Scale","line":29,"loc":{"start":{"line":29,"column":0},"end":{"line":29,"column":29}}},"2":{"name":"(anonymous_2)","line":58,"loc":{"start":{"line":58,"column":9},"end":{"line":58,"column":20}}},"3":{"name":"(anonymous_3)","line":68,"loc":{"start":{"line":68,"column":10},"end":{"line":68,"column":21}}},"4":{"name":"(anonymous_4)","line":69,"loc":{"start":{"line":69,"column":28},"end":{"line":69,"column":40}}},"5":{"name":"(anonymous_5)","line":72,"loc":{"start":{"line":72,"column":8},"end":{"line":72,"column":19}}},"6":{"name":"(anonymous_6)","line":80,"loc":{"start":{"line":80,"column":7},"end":{"line":80,"column":19}}},"7":{"name":"(anonymous_7)","line":87,"loc":{"start":{"line":87,"column":11},"end":{"line":87,"column":40}}},"8":{"name":"(anonymous_8)","line":91,"loc":{"start":{"line":91,"column":28},"end":{"line":91,"column":40}}},"9":{"name":"(anonymous_9)","line":96,"loc":{"start":{"line":96,"column":12},"end":{"line":96,"column":31}}},"10":{"name":"(anonymous_10)","line":102,"loc":{"start":{"line":102,"column":13},"end":{"line":102,"column":32}}}},"statementMap":{"1":{"start":{"line":1,"column":0},"end":{"line":1,"column":39}},"2":{"start":{"line":2,"column":0},"end":{"line":2,"column":37}},"3":{"start":{"line":4,"column":0},"end":{"line":21,"column":2}},"4":{"start":{"line":24,"column":0},"end":{"line":24,"column":44}},"5":{"start":{"line":25,"column":0},"end":{"line":25,"column":30}},"6":{"start":{"line":26,"column":0},"end":{"line":26,"column":29}},"7":{"start":{"line":27,"column":0},"end":{"line":27,"column":40}},"8":{"start":{"line":29,"column":0},"end":{"line":55,"column":1}},"9":{"start":{"line":30,"column":2},"end":{"line":30,"column":63}},"10":{"start":{"line":30,"column":32},"end":{"line":30,"column":63}},"11":{"start":{"line":31,"column":2},"end":{"line":31,"column":19}},"12":{"start":{"line":32,"column":2},"end":{"line":34,"column":3}},"13":{"start":{"line":33,"column":4},"end":{"line":33,"column":37}},"14":{"start":{"line":36,"column":2},"end":{"line":50,"column":3}},"15":{"start":{"line":37,"column":4},"end":{"line":37,"column":22}},"16":{"start":{"line":38,"column":4},"end":{"line":38,"column":26}},"17":{"start":{"line":39,"column":4},"end":{"line":40,"column":39}},"18":{"start":{"line":40,"column":6},"end":{"line":40,"column":39}},"19":{"start":{"line":42,"column":4},"end":{"line":49,"column":5}},"20":{"start":{"line":43,"column":6},"end":{"line":48,"column":7}},"21":{"start":{"line":44,"column":8},"end":{"line":47,"column":9}},"22":{"start":{"line":45,"column":10},"end":{"line":45,"column":24}},"23":{"start":{"line":46,"column":10},"end":{"line":46,"column":16}},"24":{"start":{"line":52,"column":2},"end":{"line":52,"column":24}},"25":{"start":{"line":53,"column":2},"end":{"line":53,"column":21}},"26":{"start":{"line":54,"column":2},"end":{"line":54,"column":21}},"27":{"start":{"line":57,"column":0},"end":{"line":109,"column":2}},"28":{"start":{"line":59,"column":4},"end":{"line":59,"column":19}},"29":{"start":{"line":61,"column":4},"end":{"line":63,"column":5}},"30":{"start":{"line":62,"column":6},"end":{"line":62,"column":53}},"31":{"start":{"line":65,"column":4},"end":{"line":65,"column":17}},"32":{"start":{"line":69,"column":4},"end":{"line":69,"column":70}},"33":{"start":{"line":69,"column":42},"end":{"line":69,"column":66}},"34":{"start":{"line":73,"column":4},"end":{"line":73,"column":39}},"35":{"start":{"line":74,"column":4},"end":{"line":77,"column":5}},"36":{"start":{"line":75,"column":6},"end":{"line":76,"column":16}},"37":{"start":{"line":81,"column":4},"end":{"line":81,"column":71}},"38":{"start":{"line":82,"column":4},"end":{"line":82,"column":48}},"39":{"start":{"line":84,"column":4},"end":{"line":84,"column":50}},"40":{"start":{"line":88,"column":4},"end":{"line":89,"column":56}},"41":{"start":{"line":89,"column":6},"end":{"line":89,"column":56}},"42":{"start":{"line":91,"column":4},"end":{"line":93,"column":7}},"43":{"start":{"line":92,"column":6},"end":{"line":92,"column":42}},"44":{"start":{"line":97,"column":4},"end":{"line":98,"column":44}},"45":{"start":{"line":99,"column":4},"end":{"line":99,"column":64}},"46":{"start":{"line":103,"column":4},"end":{"line":103,"column":40}},"47":{"start":{"line":104,"column":4},"end":{"line":104,"column":29}},"48":{"start":{"line":105,"column":4},"end":{"line":105,"column":29}},"49":{"start":{"line":107,"column":4},"end":{"line":107,"column":16}},"50":{"start":{"line":110,"column":0},"end":{"line":110,"column":41}},"51":{"start":{"line":112,"column":0},"end":{"line":112,"column":23}}},"branchMap":{"1":{"line":30,"type":"if","locations":[{"start":{"line":30,"column":2},"end":{"line":30,"column":2}},{"start":{"line":30,"column":2},"end":{"line":30,"column":2}}]},"2":{"line":32,"type":"if","locations":[{"start":{"line":32,"column":2},"end":{"line":32,"column":2}},{"start":{"line":32,"column":2},"end":{"line":32,"column":2}}]},"3":{"line":36,"type":"if","locations":[{"start":{"line":36,"column":2},"end":{"line":36,"column":2}},{"start":{"line":36,"column":2},"end":{"line":36,"column":2}}]},"4":{"line":39,"type":"if","locations":[{"start":{"line":39,"column":4},"end":{"line":39,"column":4}},{"start":{"line":39,"column":4},"end":{"line":39,"column":4}}]},"5":{"line":43,"type":"if","locations":[{"start":{"line":43,"column":6},"end":{"line":43,"column":6}},{"start":{"line":43,"column":6},"end":{"line":43,"column":6}}]},"6":{"line":44,"type":"if","locations":[{"start":{"line":44,"column":8},"end":{"line":44,"column":8}},{"start":{"line":44,"column":8},"end":{"line":44,"column":8}}]},"7":{"line":74,"type":"if","locations":[{"start":{"line":74,"column":4},"end":{"line":74,"column":4}},{"start":{"line":74,"column":4},"end":{"line":74,"column":4}}]},"8":{"line":81,"type":"binary-expr","locations":[{"start":{"line":81,"column":20},"end":{"line":81,"column":41}},{"start":{"line":81,"column":45},"end":{"line":81,"column":70}}]},"9":{"line":82,"type":"cond-expr","locations":[{"start":{"line":82,"column":20},"end":{"line":82,"column":43}},{"start":{"line":82,"column":46},"end":{"line":82,"column":47}}]},"10":{"line":88,"type":"if","locations":[{"start":{"line":88,"column":4},"end":{"line":88,"column":4}},{"start":{"line":88,"column":4},"end":{"line":88,"column":4}}]},"11":{"line":97,"type":"cond-expr","locations":[{"start":{"line":98,"column":6},"end":{"line":98,"column":32}},{"start":{"line":98,"column":35},"end":{"line":98,"column":43}}]}},"code":["var knowledge = require('./knowledge');","var Interval = require('./interval');","","var scales = {","  aeolian: ['P1', 'M2', 'm3', 'P4', 'P5', 'm6', 'm7'],","  blues: ['P1', 'm3', 'P4', 'd5', 'P5', 'm7'],","  chromatic: ['P1', 'm2', 'M2', 'm3', 'M3', 'P4',","    'A4', 'P5', 'm6', 'M6', 'm7', 'M7'],","  dorian: ['P1', 'M2', 'm3', 'P4', 'P5', 'M6', 'm7'],","  doubleharmonic: ['P1', 'm2', 'M3', 'P4', 'P5', 'm6', 'M7'],","  harmonicminor: ['P1', 'M2', 'm3', 'P4', 'P5', 'm6', 'M7'],","  ionian: ['P1', 'M2', 'M3', 'P4', 'P5', 'M6', 'M7'],","  locrian: ['P1', 'm2', 'm3', 'P4', 'd5', 'm6', 'm7'],","  lydian: ['P1', 'M2', 'M3', 'A4', 'P5', 'M6', 'M7'],","  majorpentatonic: ['P1', 'M2', 'M3', 'P5', 'M6'],","  melodicminor: ['P1', 'M2', 'm3', 'P4', 'P5', 'M6', 'M7'],","  minorpentatonic: ['P1', 'm3', 'P4', 'P5', 'm7'],","  mixolydian: ['P1', 'M2', 'M3', 'P4', 'P5', 'M6', 'm7'],","  phrygian: ['P1', 'm2', 'm3', 'P4', 'P5', 'm6', 'm7'],","  wholetone: ['P1', 'M2', 'M3', 'A4', 'A5', 'A6']","};","","// synonyms","scales.harmonicchromatic = scales.chromatic;","scales.minor = scales.aeolian;","scales.major = scales.ionian;","scales.flamenco = scales.doubleharmonic;","","function Scale(tonic, scale) {","  if (!(this instanceof Scale)) return new Scale(tonic, scale);","  var scaleName, i;","  if (!('coord' in tonic)) {","    throw new Error('Invalid Tonic');","  }","","  if (typeof scale === 'string') {","    scaleName = scale;","    scale = scales[scale];","    if (!scale)","      throw new Error('Invalid Scale');","  } else {","    for (i in scales) {","      if (scales.hasOwnProperty(i)) {","        if (scales[i].toString() === scale.toString()) {","          scaleName = i;","          break;","        }","      }","    }","  }","","  this.name = scaleName;","  this.tonic = tonic;","  this.scale = scale;","}","","Scale.prototype = {","  notes: function() {","    var notes = [];","","    for (var i = 0, length = this.scale.length; i < length; i++) {","      notes.push(this.tonic.interval(this.scale[i]));","    }","","    return notes;","  },","","  simple: function() {","    return this.notes().map(function(n) { return n.toString(true); });","  },","","  type: function() {","    var length = this.scale.length - 2;","    if (length < 8) {","      return ['di', 'tri', 'tetra', 'penta', 'hexa', 'hepta', 'octa'][length] +","        'tonic';","    }","  },","","  get: function(i) {","    var isStepStr = typeof i === 'string' && i in knowledge.stepNumber;","    i = isStepStr ? knowledge.stepNumber[i] : i;","","    return this.tonic.interval(this.scale[i - 1]);","  },","","  solfege: function(index, showOctaves) {","    if (index)","      return this.get(index).solfege(this, showOctaves);","","    return this.notes().map(function(n) {","      return n.solfege(this, showOctaves);","    });","  },","","  interval: function(interval) {","    interval = (typeof interval === 'string') ?","      Interval.toCoord(interval) : interval;","    return new Scale(this.tonic.interval(interval), this.scale);","  },","","  transpose: function(interval) {","    var scale = this.interval(interval);","    this.scale = scale.scale;","    this.tonic = scale.tonic;","","    return this;","  }","};","Scale.KNOWN_SCALES = Object.keys(scales);","","module.exports = Scale;",""],"l":{"1":1,"2":1,"4":1,"24":1,"25":1,"26":1,"27":1,"29":1,"30":0,"31":0,"32":0,"33":0,"36":0,"37":0,"38":0,"39":0,"40":0,"42":0,"43":0,"44":0,"45":0,"46":0,"52":0,"53":0,"54":0,"57":1,"59":0,"61":0,"62":0,"65":0,"69":0,"73":0,"74":0,"75":0,"81":0,"82":0,"84":0,"88":0,"89":0,"91":0,"92":0,"97":0,"99":0,"103":0,"104":0,"105":0,"107":0,"110":1,"112":1}},"/home/travis/build/npmtest/node-npmtest-teoria/node_modules/teoria/lib/sugar.js":{"path":"/home/travis/build/npmtest/node-npmtest-teoria/node_modules/teoria/lib/sugar.js","s":{"1":1,"2":1,"3":1,"4":1,"5":1,"6":1,"7":0,"8":0,"9":0,"10":1,"11":0},"b":{"1":[0,0]},"f":{"1":1,"2":0,"3":0},"fnMap":{"1":{"name":"(anonymous_1)","line":3,"loc":{"start":{"line":3,"column":17},"end":{"line":3,"column":34}}},"2":{"name":"(anonymous_2)","line":8,"loc":{"start":{"line":8,"column":25},"end":{"line":8,"column":41}}},"3":{"name":"(anonymous_3)","line":15,"loc":{"start":{"line":15,"column":25},"end":{"line":15,"column":41}}}},"statementMap":{"1":{"start":{"line":1,"column":0},"end":{"line":1,"column":39}},"2":{"start":{"line":3,"column":0},"end":{"line":18,"column":2}},"3":{"start":{"line":4,"column":2},"end":{"line":4,"column":25}},"4":{"start":{"line":5,"column":2},"end":{"line":5,"column":27}},"5":{"start":{"line":6,"column":2},"end":{"line":6,"column":27}},"6":{"start":{"line":8,"column":2},"end":{"line":13,"column":4}},"7":{"start":{"line":9,"column":4},"end":{"line":9,"column":53}},"8":{"start":{"line":10,"column":4},"end":{"line":10,"column":63}},"9":{"start":{"line":12,"column":4},"end":{"line":12,"column":34}},"10":{"start":{"line":15,"column":2},"end":{"line":17,"column":4}},"11":{"start":{"line":16,"column":4},"end":{"line":16,"column":34}}},"branchMap":{"1":{"line":10,"type":"cond-expr","locations":[{"start":{"line":10,"column":27},"end":{"line":10,"column":54}},{"start":{"line":10,"column":57},"end":{"line":10,"column":62}}]}},"code":["var knowledge = require('./knowledge');","","module.exports = function(teoria) {","  var Note = teoria.Note;","  var Chord = teoria.Chord;","  var Scale = teoria.Scale;","","  Note.prototype.chord = function(chord) {","    var isShortChord = chord in knowledge.chordShort;","    chord = isShortChord ? knowledge.chordShort[chord] : chord;","","    return new Chord(this, chord);","  };","","  Note.prototype.scale = function(scale) {","    return new Scale(this, scale);","  };","};",""],"l":{"1":1,"3":1,"4":1,"5":1,"6":1,"8":1,"9":0,"10":0,"12":0,"15":1,"16":0}}}